{"meta": {"format": 3, "version": "7.15.3", "timestamp": "2026-08-04T21:38:27.455749", "branch_coverage": false, "show_contexts": false}, "files": {"app/__init__.py": {"executed_lines": [1], "summary": {"covered_lines": 1, "num_statements": 1, "percent_covered": 100.0, "percent_covered_display": "100", "missing_lines": 0, "excluded_lines": 0, "percent_statements_covered": 100.0, "percent_statements_covered_display": "100"}, "missing_lines": [], "excluded_lines": [], "functions": {"": {"executed_lines": [1], "summary": {"covered_lines": 1, "num_statements": 1, "percent_covered": 100.0, "percent_covered_display": "100", "missing_lines": 0, "excluded_lines": 0, "percent_statements_covered": 100.0, "percent_statements_covered_display": "100"}, "missing_lines": [], "excluded_lines": [], "start_line": 1}}, "classes": {"": {"executed_lines": [1], "summary": {"covered_lines": 1, "num_statements": 1, "percent_covered": 100.0, "percent_covered_display": "100", "missing_lines": 0, "excluded_lines": 0, "percent_statements_covered": 100.0, "percent_statements_covered_display": "100"}, "missing_lines": [], "excluded_lines": [], "start_line": 1}}}, "app/admin.py": {"executed_lines": [7, 8, 9, 10, 11, 13, 14, 16, 17, 18, 19, 20, 24, 27, 33, 39, 40, 54, 55, 70, 71, 91, 97, 98, 110, 111, 115, 116, 124, 125, 180, 193, 194], "summary": {"covered_lines": 33, "num_statements": 124, "percent_covered": 26.612903225806452, "percent_covered_display": "27", "missing_lines": 91, "excluded_lines": 0, "percent_statements_covered": 26.612903225806452, "percent_statements_covered_display": "27"}, "missing_lines": [28, 29, 30, 34, 41, 42, 43, 44, 45, 57, 58, 59, 60, 61, 63, 64, 65, 66, 73, 74, 75, 76, 77, 78, 79, 82, 84, 86, 87, 88, 92, 101, 102, 103, 104, 105, 112, 119, 120, 133, 134, 135, 136, 137, 138, 139, 140, 141, 142, 144, 145, 148, 149, 152, 156, 157, 158, 159, 160, 161, 163, 164, 165, 166, 167, 168, 169, 170, 171, 172, 173, 175, 177, 181, 182, 183, 184, 185, 186, 187, 188, 195, 196, 197, 198, 199, 200, 201, 202, 203, 204], "excluded_lines": [], "functions": {"require_admin": {"executed_lines": [], "summary": {"covered_lines": 0, "num_statements": 3, "percent_covered": 0.0, "percent_covered_display": "0", "missing_lines": 3, "excluded_lines": 0, "percent_statements_covered": 0.0, "percent_statements_covered_display": "0"}, "missing_lines": [28, 29, 30], "excluded_lines": [], "start_line": 27}, "_iso": {"executed_lines": [], "summary": {"covered_lines": 0, "num_statements": 1, "percent_covered": 0.0, "percent_covered_display": "0", "missing_lines": 1, "excluded_lines": 0, "percent_statements_covered": 0.0, "percent_statements_covered_display": "0"}, "missing_lines": [34], "excluded_lines": [], "start_line": 33}, "list_users": {"executed_lines": [], "summary": {"covered_lines": 0, "num_statements": 5, "percent_covered": 0.0, "percent_covered_display": "0", "missing_lines": 5, "excluded_lines": 0, "percent_statements_covered": 0.0, "percent_statements_covered_display": "0"}, "missing_lines": [41, 42, 43, 44, 45], "excluded_lines": [], "start_line": 40}, "set_role": {"executed_lines": [], "summary": {"covered_lines": 0, "num_statements": 9, "percent_covered": 0.0, "percent_covered_display": "0", "missing_lines": 9, "excluded_lines": 0, "percent_statements_covered": 0.0, "percent_statements_covered_display": "0"}, "missing_lines": [57, 58, 59, 60, 61, 63, 64, 65, 66], "excluded_lines": [], "start_line": 55}, "delete_user": {"executed_lines": [], "summary": {"covered_lines": 0, "num_statements": 12, "percent_covered": 0.0, "percent_covered_display": "0", "missing_lines": 12, "excluded_lines": 0, "percent_statements_covered": 0.0, "percent_statements_covered_display": "0"}, "missing_lines": [73, 74, 75, 76, 77, 78, 79, 82, 84, 86, 87, 88], "excluded_lines": [], "start_line": 71}, "_admin_count": {"executed_lines": [], "summary": {"covered_lines": 0, "num_statements": 1, "percent_covered": 0.0, "percent_covered_display": "0", "missing_lines": 1, "excluded_lines": 0, "percent_statements_covered": 0.0, "percent_statements_covered_display": "0"}, "missing_lines": [92], "excluded_lines": [], "start_line": 91}, "clear_applications": {"executed_lines": [], "summary": {"covered_lines": 0, "num_statements": 5, "percent_covered": 0.0, "percent_covered_display": "0", "missing_lines": 5, "excluded_lines": 0, "percent_statements_covered": 0.0, "percent_statements_covered_display": "0"}, "missing_lines": [101, 102, 103, 104, 105], "excluded_lines": [], "start_line": 98}, "model_card": {"executed_lines": [], "summary": {"covered_lines": 0, "num_statements": 1, "percent_covered": 0.0, "percent_covered_display": "0", "missing_lines": 1, "excluded_lines": 0, "percent_statements_covered": 0.0, "percent_statements_covered_display": "0"}, "missing_lines": [112], "excluded_lines": [], "start_line": 111}, "dataset_info": {"executed_lines": [], "summary": {"covered_lines": 0, "num_statements": 2, "percent_covered": 0.0, "percent_covered_display": "0", "missing_lines": 2, "excluded_lines": 0, "percent_statements_covered": 0.0, "percent_statements_covered_display": "0"}, "missing_lines": [119, 120], "excluded_lines": [], "start_line": 116}, "update_model": {"executed_lines": [], "summary": {"covered_lines": 0, "num_statements": 34, "percent_covered": 0.0, "percent_covered_display": "0", "missing_lines": 34, "excluded_lines": 0, "percent_statements_covered": 0.0, "percent_statements_covered_display": "0"}, "missing_lines": [133, 134, 135, 136, 137, 138, 139, 140, 141, 142, 144, 145, 148, 149, 152, 156, 157, 158, 159, 160, 161, 163, 164, 165, 166, 167, 168, 169, 170, 171, 172, 173, 175, 177], "excluded_lines": [], "start_line": 125}, "_validated_records": {"executed_lines": [], "summary": {"covered_lines": 0, "num_statements": 8, "percent_covered": 0.0, "percent_covered_display": "0", "missing_lines": 8, "excluded_lines": 0, "percent_statements_covered": 0.0, "percent_statements_covered_display": "0"}, "missing_lines": [181, 182, 183, 184, 185, 186, 187, 188], "excluded_lines": [], "start_line": 180}, "activity": {"executed_lines": [], "summary": {"covered_lines": 0, "num_statements": 10, "percent_covered": 0.0, "percent_covered_display": "0", "missing_lines": 10, "excluded_lines": 0, "percent_statements_covered": 0.0, "percent_statements_covered_display": "0"}, "missing_lines": [195, 196, 197, 198, 199, 200, 201, 202, 203, 204], "excluded_lines": [], "start_line": 194}, "": {"executed_lines": [7, 8, 9, 10, 11, 13, 14, 16, 17, 18, 19, 20, 24, 27, 33, 39, 40, 54, 55, 70, 71, 91, 97, 98, 110, 111, 115, 116, 124, 125, 180, 193, 194], "summary": {"covered_lines": 33, "num_statements": 33, "percent_covered": 100.0, "percent_covered_display": "100", "missing_lines": 0, "excluded_lines": 0, "percent_statements_covered": 100.0, "percent_statements_covered_display": "100"}, "missing_lines": [], "excluded_lines": [], "start_line": 1}}, "classes": {"": {"executed_lines": [7, 8, 9, 10, 11, 13, 14, 16, 17, 18, 19, 20, 24, 27, 33, 39, 40, 54, 55, 70, 71, 91, 97, 98, 110, 111, 115, 116, 124, 125, 180, 193, 194], "summary": {"covered_lines": 33, "num_statements": 124, "percent_covered": 26.612903225806452, "percent_covered_display": "27", "missing_lines": 91, "excluded_lines": 0, "percent_statements_covered": 26.612903225806452, "percent_statements_covered_display": "27"}, "missing_lines": [28, 29, 30, 34, 41, 42, 43, 44, 45, 57, 58, 59, 60, 61, 63, 64, 65, 66, 73, 74, 75, 76, 77, 78, 79, 82, 84, 86, 87, 88, 92, 101, 102, 103, 104, 105, 112, 119, 120, 133, 134, 135, 136, 137, 138, 139, 140, 141, 142, 144, 145, 148, 149, 152, 156, 157, 158, 159, 160, 161, 163, 164, 165, 166, 167, 168, 169, 170, 171, 172, 173, 175, 177, 181, 182, 183, 184, 185, 186, 187, 188, 195, 196, 197, 198, 199, 200, 201, 202, 203, 204], "excluded_lines": [], "start_line": 1}}}, "app/applications.py": {"executed_lines": [7, 9, 10, 12, 13, 14, 15, 16, 21, 23, 26, 27, 30, 31, 34, 35, 39, 40, 58, 59, 61, 62, 63, 67, 68, 70, 83, 84, 87, 88, 90, 91, 93, 94, 97, 98, 104, 105, 115, 116, 117, 118, 120, 122, 125, 126, 128, 129, 131, 133, 134, 135, 136, 139, 140, 142, 143, 147, 148, 150, 152, 155, 156, 157, 158], "summary": {"covered_lines": 65, "num_statements": 79, "percent_covered": 82.27848101265823, "percent_covered_display": "82", "missing_lines": 14, "excluded_lines": 0, "percent_statements_covered": 82.27848101265823, "percent_statements_covered_display": "82"}, "missing_lines": [69, 92, 95, 96, 106, 107, 110, 112, 119, 121, 130, 132, 144, 151], "excluded_lines": [], "functions": {"_is_manager": {"executed_lines": [27], "summary": {"covered_lines": 1, "num_statements": 1, "percent_covered": 100.0, "percent_covered_display": "100", "missing_lines": 0, "excluded_lines": 0, "percent_statements_covered": 100.0, "percent_statements_covered_display": "100"}, "missing_lines": [], "excluded_lines": [], "start_line": 26}, "_iso": {"executed_lines": [31], "summary": {"covered_lines": 1, "num_statements": 1, "percent_covered": 100.0, "percent_covered_display": "100", "missing_lines": 0, "excluded_lines": 0, "percent_statements_covered": 100.0, "percent_statements_covered_display": "100"}, "missing_lines": [], "excluded_lines": [], "start_line": 30}, "_rec_out": {"executed_lines": [35], "summary": {"covered_lines": 1, "num_statements": 1, "percent_covered": 100.0, "percent_covered_display": "100", "missing_lines": 0, "excluded_lines": 0, "percent_statements_covered": 100.0, "percent_statements_covered_display": "100"}, "missing_lines": [], "excluded_lines": [], "start_line": 34}, "_app_out": {"executed_lines": [40], "summary": {"covered_lines": 1, "num_statements": 1, "percent_covered": 100.0, "percent_covered_display": "100", "missing_lines": 0, "excluded_lines": 0, "percent_statements_covered": 100.0, "percent_statements_covered_display": "100"}, "missing_lines": [], "excluded_lines": [], "start_line": 39}, "create_application": {"executed_lines": [61, 62, 63, 67, 68, 70, 83, 84], "summary": {"covered_lines": 8, "num_statements": 9, "percent_covered": 88.88888888888889, "percent_covered_display": "89", "missing_lines": 1, "excluded_lines": 0, "percent_statements_covered": 88.88888888888889, "percent_statements_covered_display": "89"}, "missing_lines": [69], "excluded_lines": [], "start_line": 59}, "list_applications": {"executed_lines": [90, 91, 93, 94, 97, 98], "summary": {"covered_lines": 6, "num_statements": 9, "percent_covered": 66.66666666666667, "percent_covered_display": "67", "missing_lines": 3, "excluded_lines": 0, "percent_statements_covered": 66.66666666666667, "percent_statements_covered_display": "67"}, "missing_lines": [92, 95, 96], "excluded_lines": [], "start_line": 88}, "application_stats": {"executed_lines": [], "summary": {"covered_lines": 0, "num_statements": 4, "percent_covered": 0.0, "percent_covered_display": "0", "missing_lines": 4, "excluded_lines": 0, "percent_statements_covered": 0.0, "percent_statements_covered_display": "0"}, "missing_lines": [106, 107, 110, 112], "excluded_lines": [], "start_line": 105}, "get_application": {"executed_lines": [117, 118, 120, 122], "summary": {"covered_lines": 4, "num_statements": 6, "percent_covered": 66.66666666666667, "percent_covered_display": "67", "missing_lines": 2, "excluded_lines": 0, "percent_statements_covered": 66.66666666666667, "percent_statements_covered_display": "67"}, "missing_lines": [119, 121], "excluded_lines": [], "start_line": 116}, "escalate_application": {"executed_lines": [128, 129, 131, 133, 134, 135, 136], "summary": {"covered_lines": 7, "num_statements": 9, "percent_covered": 77.77777777777777, "percent_covered_display": "78", "missing_lines": 2, "excluded_lines": 0, "percent_statements_covered": 77.77777777777777, "percent_statements_covered_display": "78"}, "missing_lines": [130, 132], "excluded_lines": [], "start_line": 126}, "add_recommendation": {"executed_lines": [142, 143, 147, 148, 150, 152, 155, 156, 157, 158], "summary": {"covered_lines": 10, "num_statements": 12, "percent_covered": 83.33333333333333, "percent_covered_display": "83", "missing_lines": 2, "excluded_lines": 0, "percent_statements_covered": 83.33333333333333, "percent_statements_covered_display": "83"}, "missing_lines": [144, 151], "excluded_lines": [], "start_line": 140}, "": {"executed_lines": [7, 9, 10, 12, 13, 14, 15, 16, 21, 23, 26, 30, 34, 39, 58, 59, 87, 88, 104, 105, 115, 116, 125, 126, 139, 140], "summary": {"covered_lines": 26, "num_statements": 26, "percent_covered": 100.0, "percent_covered_display": "100", "missing_lines": 0, "excluded_lines": 0, "percent_statements_covered": 100.0, "percent_statements_covered_display": "100"}, "missing_lines": [], "excluded_lines": [], "start_line": 1}}, "classes": {"": {"executed_lines": [7, 9, 10, 12, 13, 14, 15, 16, 21, 23, 26, 27, 30, 31, 34, 35, 39, 40, 58, 59, 61, 62, 63, 67, 68, 70, 83, 84, 87, 88, 90, 91, 93, 94, 97, 98, 104, 105, 115, 116, 117, 118, 120, 122, 125, 126, 128, 129, 131, 133, 134, 135, 136, 139, 140, 142, 143, 147, 148, 150, 152, 155, 156, 157, 158], "summary": {"covered_lines": 65, "num_statements": 79, "percent_covered": 82.27848101265823, "percent_covered_display": "82", "missing_lines": 14, "excluded_lines": 0, "percent_statements_covered": 82.27848101265823, "percent_statements_covered_display": "82"}, "missing_lines": [69, 92, 95, 96, 106, 107, 110, 112, 119, 121, 130, 132, 144, 151], "excluded_lines": [], "start_line": 1}}}, "app/auth.py": {"executed_lines": [8, 9, 11, 12, 13, 15, 16, 17, 18, 29, 30, 32, 33, 36, 41, 42, 43, 49, 50, 55, 58, 59, 60, 65, 71, 72, 73, 74, 75, 78, 79, 91, 92, 96, 97, 114, 115], "summary": {"covered_lines": 37, "num_statements": 69, "percent_covered": 53.6231884057971, "percent_covered_display": "54", "missing_lines": 32, "excluded_lines": 0, "percent_statements_covered": 53.6231884057971, "percent_statements_covered_display": "54"}, "missing_lines": [44, 45, 51, 61, 80, 81, 83, 87, 88, 93, 98, 99, 100, 101, 102, 103, 106, 108, 116, 117, 118, 119, 121, 122, 123, 124, 125, 127, 128, 129, 130, 131], "excluded_lines": [], "functions": {"get_current_user": {"executed_lines": [41, 42, 43, 49, 50, 55], "summary": {"covered_lines": 6, "num_statements": 9, "percent_covered": 66.66666666666667, "percent_covered_display": "67", "missing_lines": 3, "excluded_lines": 0, "percent_statements_covered": 66.66666666666667, "percent_statements_covered_display": "67"}, "missing_lines": [44, 45, 51], "excluded_lines": [], "start_line": 36}, "register": {"executed_lines": [60, 65, 71, 72, 73, 74, 75], "summary": {"covered_lines": 7, "num_statements": 8, "percent_covered": 87.5, "percent_covered_display": "88", "missing_lines": 1, "excluded_lines": 0, "percent_statements_covered": 87.5, "percent_statements_covered_display": "88"}, "missing_lines": [61], "excluded_lines": [], "start_line": 59}, "login": {"executed_lines": [], "summary": {"covered_lines": 0, "num_statements": 5, "percent_covered": 0.0, "percent_covered_display": "0", "missing_lines": 5, "excluded_lines": 0, "percent_statements_covered": 0.0, "percent_statements_covered_display": "0"}, "missing_lines": [80, 81, 83, 87, 88], "excluded_lines": [], "start_line": 79}, "me": {"executed_lines": [], "summary": {"covered_lines": 0, "num_statements": 1, "percent_covered": 0.0, "percent_covered_display": "0", "missing_lines": 1, "excluded_lines": 0, "percent_statements_covered": 0.0, "percent_statements_covered_display": "0"}, "missing_lines": [93], "excluded_lines": [], "start_line": 92}, "forgot_password": {"executed_lines": [], "summary": {"covered_lines": 0, "num_statements": 8, "percent_covered": 0.0, "percent_covered_display": "0", "missing_lines": 8, "excluded_lines": 0, "percent_statements_covered": 0.0, "percent_statements_covered_display": "0"}, "missing_lines": [98, 99, 100, 101, 102, 103, 106, 108], "excluded_lines": [], "start_line": 97}, "reset_password": {"executed_lines": [], "summary": {"covered_lines": 0, "num_statements": 14, "percent_covered": 0.0, "percent_covered_display": "0", "missing_lines": 14, "excluded_lines": 0, "percent_statements_covered": 0.0, "percent_statements_covered_display": "0"}, "missing_lines": [116, 117, 118, 119, 121, 122, 123, 124, 125, 127, 128, 129, 130, 131], "excluded_lines": [], "start_line": 115}, "": {"executed_lines": [8, 9, 11, 12, 13, 15, 16, 17, 18, 29, 30, 32, 33, 36, 58, 59, 78, 79, 91, 92, 96, 97, 114, 115], "summary": {"covered_lines": 24, "num_statements": 24, "percent_covered": 100.0, "percent_covered_display": "100", "missing_lines": 0, "excluded_lines": 0, "percent_statements_covered": 100.0, "percent_statements_covered_display": "100"}, "missing_lines": [], "excluded_lines": [], "start_line": 1}}, "classes": {"": {"executed_lines": [8, 9, 11, 12, 13, 15, 16, 17, 18, 29, 30, 32, 33, 36, 41, 42, 43, 49, 50, 55, 58, 59, 60, 65, 71, 72, 73, 74, 75, 78, 79, 91, 92, 96, 97, 114, 115], "summary": {"covered_lines": 37, "num_statements": 69, "percent_covered": 53.6231884057971, "percent_covered_display": "54", "missing_lines": 32, "excluded_lines": 0, "percent_statements_covered": 53.6231884057971, "percent_statements_covered_display": "54"}, "missing_lines": [44, 45, 51, 61, 80, 81, 83, 87, 88, 93, 98, 99, 100, 101, 102, 103, 106, 108, 116, 117, 118, 119, 121, 122, 123, 124, 125, 127, 128, 129, 130, 131], "excluded_lines": [], "start_line": 1}}}, "app/data_store.py": {"executed_lines": [9, 10, 12, 13, 15, 16, 17, 19, 21, 25, 28, 29, 32, 33, 34, 35, 40, 41, 42, 45, 46, 50, 54, 55, 56, 58, 59, 60, 61, 62, 63, 64, 65, 68, 69, 70, 71, 72, 73, 76, 79, 80, 81, 82, 83, 87, 88, 91, 93, 94, 95, 96, 97, 98, 99, 100, 103, 104, 107, 109, 110, 111, 112, 113, 114, 115, 116, 117, 118, 119, 120, 121, 122, 123, 124, 127, 128, 131, 145], "summary": {"covered_lines": 79, "num_statements": 100, "percent_covered": 79.0, "percent_covered_display": "79", "missing_lines": 21, "excluded_lines": 0, "percent_statements_covered": 79.0, "percent_statements_covered_display": "79"}, "missing_lines": [36, 37, 85, 86, 101, 102, 125, 126, 133, 134, 135, 136, 137, 140, 141, 142, 147, 148, 149, 150, 151], "excluded_lines": [], "functions": {"_mkey": {"executed_lines": [29], "summary": {"covered_lines": 1, "num_statements": 1, "percent_covered": 100.0, "percent_covered_display": "100", "missing_lines": 0, "excluded_lines": 0, "percent_statements_covered": 100.0, "percent_statements_covered_display": "100"}, "missing_lines": [], "excluded_lines": [], "start_line": 28}, "_read_json": {"executed_lines": [33, 34, 35], "summary": {"covered_lines": 3, "num_statements": 5, "percent_covered": 60.0, "percent_covered_display": "60", "missing_lines": 2, "excluded_lines": 0, "percent_statements_covered": 60.0, "percent_statements_covered_display": "60"}, "missing_lines": [36, 37], "excluded_lines": [], "start_line": 32}, "_member_row": {"executed_lines": [41, 42], "summary": {"covered_lines": 2, "num_statements": 2, "percent_covered": 100.0, "percent_covered_display": "100", "missing_lines": 0, "excluded_lines": 0, "percent_statements_covered": 100.0, "percent_statements_covered_display": "100"}, "missing_lines": [], "excluded_lines": [], "start_line": 40}, "_loan_row": {"executed_lines": [46], "summary": {"covered_lines": 1, "num_statements": 1, "percent_covered": 100.0, "percent_covered_display": "100", "missing_lines": 0, "excluded_lines": 0, "percent_statements_covered": 100.0, "percent_statements_covered_display": "100"}, "missing_lines": [], "excluded_lines": [], "start_line": 45}, "_seed": {"executed_lines": [54, 55, 56, 58, 59, 60, 61, 62, 63, 64, 65, 68, 69, 70, 71, 72, 73], "summary": {"covered_lines": 17, "num_statements": 17, "percent_covered": 100.0, "percent_covered_display": "100", "missing_lines": 0, "excluded_lines": 0, "percent_statements_covered": 100.0, "percent_statements_covered_display": "100"}, "missing_lines": [], "excluded_lines": [], "start_line": 50}, "ensure_seeded": {"executed_lines": [79, 80, 81, 82, 83, 87, 88], "summary": {"covered_lines": 7, "num_statements": 9, "percent_covered": 77.77777777777777, "percent_covered_display": "78", "missing_lines": 2, "excluded_lines": 0, "percent_statements_covered": 77.77777777777777, "percent_statements_covered_display": "78"}, "missing_lines": [85, 86], "excluded_lines": [], "start_line": 76}, "load_members": {"executed_lines": [93, 94, 95, 96, 97, 98, 99, 100, 103, 104], "summary": {"covered_lines": 10, "num_statements": 12, "percent_covered": 83.33333333333333, "percent_covered_display": "83", "missing_lines": 2, "excluded_lines": 0, "percent_statements_covered": 83.33333333333333, "percent_statements_covered_display": "83"}, "missing_lines": [101, 102], "excluded_lines": [], "start_line": 91}, "load_loans": {"executed_lines": [109, 110, 111, 112, 113, 114, 115, 116, 117, 118, 119, 120, 121, 122, 123, 124, 127, 128], "summary": {"covered_lines": 18, "num_statements": 20, "percent_covered": 90.0, "percent_covered_display": "90", "missing_lines": 2, "excluded_lines": 0, "percent_statements_covered": 90.0, "percent_statements_covered_display": "90"}, "missing_lines": [125, 126], "excluded_lines": [], "start_line": 107}, "seed_info": {"executed_lines": [], "summary": {"covered_lines": 0, "num_statements": 8, "percent_covered": 0.0, "percent_covered_display": "0", "missing_lines": 8, "excluded_lines": 0, "percent_statements_covered": 0.0, "percent_statements_covered_display": "0"}, "missing_lines": [133, 134, 135, 136, 137, 140, 141, 142], "excluded_lines": [], "start_line": 131}, "reseed": {"executed_lines": [], "summary": {"covered_lines": 0, "num_statements": 5, "percent_covered": 0.0, "percent_covered_display": "0", "missing_lines": 5, "excluded_lines": 0, "percent_statements_covered": 0.0, "percent_statements_covered_display": "0"}, "missing_lines": [147, 148, 149, 150, 151], "excluded_lines": [], "start_line": 145}, "": {"executed_lines": [9, 10, 12, 13, 15, 16, 17, 19, 21, 25, 28, 32, 40, 45, 50, 76, 91, 107, 131, 145], "summary": {"covered_lines": 20, "num_statements": 20, "percent_covered": 100.0, "percent_covered_display": "100", "missing_lines": 0, "excluded_lines": 0, "percent_statements_covered": 100.0, "percent_statements_covered_display": "100"}, "missing_lines": [], "excluded_lines": [], "start_line": 1}}, "classes": {"": {"executed_lines": [9, 10, 12, 13, 15, 16, 17, 19, 21, 25, 28, 29, 32, 33, 34, 35, 40, 41, 42, 45, 46, 50, 54, 55, 56, 58, 59, 60, 61, 62, 63, 64, 65, 68, 69, 70, 71, 72, 73, 76, 79, 80, 81, 82, 83, 87, 88, 91, 93, 94, 95, 96, 97, 98, 99, 100, 103, 104, 107, 109, 110, 111, 112, 113, 114, 115, 116, 117, 118, 119, 120, 121, 122, 123, 124, 127, 128, 131, 145], "summary": {"covered_lines": 79, "num_statements": 100, "percent_covered": 79.0, "percent_covered_display": "79", "missing_lines": 21, "excluded_lines": 0, "percent_statements_covered": 79.0, "percent_statements_covered_display": "79"}, "missing_lines": [36, 37, 85, 86, 101, 102, 125, 126, 133, 134, 135, 136, 137, 140, 141, 142, 147, 148, 149, 150, 151], "excluded_lines": [], "start_line": 1}}}, "app/db.py": {"executed_lines": [2, 3, 4, 8, 10, 13, 14, 15, 16, 19, 20, 21, 22, 24], "summary": {"covered_lines": 14, "num_statements": 15, "percent_covered": 93.33333333333333, "percent_covered_display": "93", "missing_lines": 1, "excluded_lines": 0, "percent_statements_covered": 93.33333333333333, "percent_statements_covered_display": "93"}, "missing_lines": [11], "excluded_lines": [], "functions": {"get_db": {"executed_lines": [20, 21, 22, 24], "summary": {"covered_lines": 4, "num_statements": 4, "percent_covered": 100.0, "percent_covered_display": "100", "missing_lines": 0, "excluded_lines": 0, "percent_statements_covered": 100.0, "percent_statements_covered_display": "100"}, "missing_lines": [], "excluded_lines": [], "start_line": 19}, "": {"executed_lines": [2, 3, 4, 8, 10, 13, 14, 15, 16, 19], "summary": {"covered_lines": 10, "num_statements": 11, "percent_covered": 90.9090909090909, "percent_covered_display": "91", "missing_lines": 1, "excluded_lines": 0, "percent_statements_covered": 90.9090909090909, "percent_statements_covered_display": "91"}, "missing_lines": [11], "excluded_lines": [], "start_line": 1}}, "classes": {"": {"executed_lines": [2, 3, 4, 8, 10, 13, 14, 15, 16, 19, 20, 21, 22, 24], "summary": {"covered_lines": 14, "num_statements": 15, "percent_covered": 93.33333333333333, "percent_covered_display": "93", "missing_lines": 1, "excluded_lines": 0, "percent_statements_covered": 93.33333333333333, "percent_statements_covered_display": "93"}, "missing_lines": [11], "excluded_lines": [], "start_line": 1}}}, "app/extra.py": {"executed_lines": [10, 11, 12, 14, 15, 16, 17, 21, 24, 25, 26, 27, 28, 29, 32, 34, 36, 37, 38, 45, 47, 49, 50, 51], "summary": {"covered_lines": 24, "num_statements": 32, "percent_covered": 75.0, "percent_covered_display": "75", "missing_lines": 8, "excluded_lines": 0, "percent_statements_covered": 75.0, "percent_statements_covered_display": "75"}, "missing_lines": [18, 19, 35, 41, 42, 48, 52, 53], "excluded_lines": [], "functions": {"_vec": {"executed_lines": [25, 26, 27, 28, 29], "summary": {"covered_lines": 5, "num_statements": 5, "percent_covered": 100.0, "percent_covered_display": "100", "missing_lines": 0, "excluded_lines": 0, "percent_statements_covered": 100.0, "percent_statements_covered_display": "100"}, "missing_lines": [], "excluded_lines": [], "start_line": 24}, "segment": {"executed_lines": [34, 36, 37, 38], "summary": {"covered_lines": 4, "num_statements": 7, "percent_covered": 57.142857142857146, "percent_covered_display": "57", "missing_lines": 3, "excluded_lines": 0, "percent_statements_covered": 57.142857142857146, "percent_statements_covered_display": "57"}, "missing_lines": [35, 41, 42], "excluded_lines": [], "start_line": 32}, "anomaly": {"executed_lines": [47, 49, 50, 51], "summary": {"covered_lines": 4, "num_statements": 7, "percent_covered": 57.142857142857146, "percent_covered_display": "57", "missing_lines": 3, "excluded_lines": 0, "percent_statements_covered": 57.142857142857146, "percent_statements_covered_display": "57"}, "missing_lines": [48, 52, 53], "excluded_lines": [], "start_line": 45}, "": {"executed_lines": [10, 11, 12, 14, 15, 16, 17, 21, 24, 32, 45], "summary": {"covered_lines": 11, "num_statements": 13, "percent_covered": 84.61538461538461, "percent_covered_display": "85", "missing_lines": 2, "excluded_lines": 0, "percent_statements_covered": 84.61538461538461, "percent_statements_covered_display": "85"}, "missing_lines": [18, 19], "excluded_lines": [], "start_line": 1}}, "classes": {"": {"executed_lines": [10, 11, 12, 14, 15, 16, 17, 21, 24, 25, 26, 27, 28, 29, 32, 34, 36, 37, 38, 45, 47, 49, 50, 51], "summary": {"covered_lines": 24, "num_statements": 32, "percent_covered": 75.0, "percent_covered_display": "75", "missing_lines": 8, "excluded_lines": 0, "percent_statements_covered": 75.0, "percent_statements_covered_display": "75"}, "missing_lines": [18, 19, 35, 41, 42, 48, 52, 53], "excluded_lines": [], "start_line": 1}}}, "app/insights.py": {"executed_lines": [2, 3, 5, 7, 8, 9, 10, 14, 17, 22, 23, 28, 31, 62, 63, 85, 86, 93, 94, 155, 156, 163, 164, 183, 184, 188, 189, 222, 225, 226], "summary": {"covered_lines": 30, "num_statements": 169, "percent_covered": 17.75147928994083, "percent_covered_display": "18", "missing_lines": 139, "excluded_lines": 0, "percent_statements_covered": 17.75147928994083, "percent_statements_covered_display": "18"}, "missing_lines": [32, 33, 34, 35, 36, 43, 44, 45, 46, 47, 48, 55, 56, 57, 58, 59, 67, 68, 69, 70, 71, 72, 73, 74, 75, 76, 81, 82, 87, 88, 89, 90, 97, 98, 100, 101, 102, 103, 105, 106, 107, 108, 109, 110, 111, 112, 113, 114, 115, 116, 117, 118, 119, 120, 121, 122, 123, 124, 125, 126, 127, 128, 129, 130, 132, 133, 134, 135, 136, 138, 151, 152, 157, 158, 159, 160, 167, 168, 169, 170, 171, 172, 173, 185, 193, 194, 195, 196, 199, 206, 207, 215, 216, 217, 218, 230, 231, 232, 233, 234, 235, 236, 237, 238, 239, 240, 241, 242, 243, 244, 246, 250, 251, 252, 253, 254, 255, 256, 257, 258, 259, 260, 262, 263, 264, 266, 267, 268, 269, 270, 271, 272, 273, 274, 275, 276, 277, 278, 280], "excluded_lines": [], "functions": {"_risk_index": {"executed_lines": [], "summary": {"covered_lines": 0, "num_statements": 16, "percent_covered": 0.0, "percent_covered_display": "0", "missing_lines": 16, "excluded_lines": 0, "percent_statements_covered": 0.0, "percent_statements_covered_display": "0"}, "missing_lines": [32, 33, 34, 35, 36, 43, 44, 45, 46, 47, 48, 55, 56, 57, 58, 59], "excluded_lines": [], "start_line": 31}, "weak_links": {"executed_lines": [], "summary": {"covered_lines": 0, "num_statements": 12, "percent_covered": 0.0, "percent_covered_display": "0", "missing_lines": 12, "excluded_lines": 0, "percent_statements_covered": 0.0, "percent_statements_covered_display": "0"}, "missing_lines": [67, 68, 69, 70, 71, 72, 73, 74, 75, 76, 81, 82], "excluded_lines": [], "start_line": 63}, "watchlist": {"executed_lines": [], "summary": {"covered_lines": 0, "num_statements": 4, "percent_covered": 0.0, "percent_covered_display": "0", "missing_lines": 4, "excluded_lines": 0, "percent_statements_covered": 0.0, "percent_statements_covered_display": "0"}, "missing_lines": [87, 88, 89, 90], "excluded_lines": [], "start_line": 86}, "overview": {"executed_lines": [], "summary": {"covered_lines": 0, "num_statements": 40, "percent_covered": 0.0, "percent_covered_display": "0", "missing_lines": 40, "excluded_lines": 0, "percent_statements_covered": 0.0, "percent_statements_covered_display": "0"}, "missing_lines": [97, 98, 100, 101, 102, 103, 105, 106, 107, 108, 109, 110, 111, 112, 113, 114, 115, 116, 117, 118, 119, 120, 121, 122, 123, 124, 125, 126, 127, 128, 129, 130, 132, 133, 134, 135, 136, 138, 151, 152], "excluded_lines": [], "start_line": 94}, "super_guarantors": {"executed_lines": [], "summary": {"covered_lines": 0, "num_statements": 4, "percent_covered": 0.0, "percent_covered_display": "0", "missing_lines": 4, "excluded_lines": 0, "percent_statements_covered": 0.0, "percent_statements_covered_display": "0"}, "missing_lines": [157, 158, 159, 160], "excluded_lines": [], "start_line": 156}, "contagion": {"executed_lines": [], "summary": {"covered_lines": 0, "num_statements": 7, "percent_covered": 0.0, "percent_covered_display": "0", "missing_lines": 7, "excluded_lines": 0, "percent_statements_covered": 0.0, "percent_statements_covered_display": "0"}, "missing_lines": [167, 168, 169, 170, 171, 172, 173], "excluded_lines": [], "start_line": 164}, "communities": {"executed_lines": [], "summary": {"covered_lines": 0, "num_statements": 1, "percent_covered": 0.0, "percent_covered_display": "0", "missing_lines": 1, "excluded_lines": 0, "percent_statements_covered": 0.0, "percent_statements_covered_display": "0"}, "missing_lines": [185], "excluded_lines": [], "start_line": 184}, "early_warning": {"executed_lines": [], "summary": {"covered_lines": 0, "num_statements": 11, "percent_covered": 0.0, "percent_covered_display": "0", "missing_lines": 11, "excluded_lines": 0, "percent_statements_covered": 0.0, "percent_statements_covered_display": "0"}, "missing_lines": [193, 194, 195, 196, 199, 206, 207, 215, 216, 217, 218], "excluded_lines": [], "start_line": 189}, "survival": {"executed_lines": [], "summary": {"covered_lines": 0, "num_statements": 31, "percent_covered": 0.0, "percent_covered_display": "0", "missing_lines": 31, "excluded_lines": 0, "percent_statements_covered": 0.0, "percent_statements_covered_display": "0"}, "missing_lines": [230, 231, 232, 233, 234, 235, 236, 237, 238, 239, 240, 241, 242, 243, 244, 246, 262, 266, 267, 268, 269, 270, 271, 272, 273, 274, 275, 276, 277, 278, 280], "excluded_lines": [], "start_line": 226}, "survival.km": {"executed_lines": [], "summary": {"covered_lines": 0, "num_statements": 11, "percent_covered": 0.0, "percent_covered_display": "0", "missing_lines": 11, "excluded_lines": 0, "percent_statements_covered": 0.0, "percent_statements_covered_display": "0"}, "missing_lines": [250, 251, 252, 253, 254, 255, 256, 257, 258, 259, 260], "excluded_lines": [], "start_line": 246}, "survival.s_at": {"executed_lines": [], "summary": {"covered_lines": 0, "num_statements": 2, "percent_covered": 0.0, "percent_covered_display": "0", "missing_lines": 2, "excluded_lines": 0, "percent_statements_covered": 0.0, "percent_statements_covered_display": "0"}, "missing_lines": [263, 264], "excluded_lines": [], "start_line": 262}, "": {"executed_lines": [2, 3, 5, 7, 8, 9, 10, 14, 17, 22, 23, 28, 31, 62, 63, 85, 86, 93, 94, 155, 156, 163, 164, 183, 184, 188, 189, 222, 225, 226], "summary": {"covered_lines": 30, "num_statements": 30, "percent_covered": 100.0, "percent_covered_display": "100", "missing_lines": 0, "excluded_lines": 0, "percent_statements_covered": 100.0, "percent_statements_covered_display": "100"}, "missing_lines": [], "excluded_lines": [], "start_line": 1}}, "classes": {"": {"executed_lines": [2, 3, 5, 7, 8, 9, 10, 14, 17, 22, 23, 28, 31, 62, 63, 85, 86, 93, 94, 155, 156, 163, 164, 183, 184, 188, 189, 222, 225, 226], "summary": {"covered_lines": 30, "num_statements": 169, "percent_covered": 17.75147928994083, "percent_covered_display": "18", "missing_lines": 139, "excluded_lines": 0, "percent_statements_covered": 17.75147928994083, "percent_statements_covered_display": "18"}, "missing_lines": [32, 33, 34, 35, 36, 43, 44, 45, 46, 47, 48, 55, 56, 57, 58, 59, 67, 68, 69, 70, 71, 72, 73, 74, 75, 76, 81, 82, 87, 88, 89, 90, 97, 98, 100, 101, 102, 103, 105, 106, 107, 108, 109, 110, 111, 112, 113, 114, 115, 116, 117, 118, 119, 120, 121, 122, 123, 124, 125, 126, 127, 128, 129, 130, 132, 133, 134, 135, 136, 138, 151, 152, 157, 158, 159, 160, 167, 168, 169, 170, 171, 172, 173, 185, 193, 194, 195, 196, 199, 206, 207, 215, 216, 217, 218, 230, 231, 232, 233, 234, 235, 236, 237, 238, 239, 240, 241, 242, 243, 244, 246, 250, 251, 252, 253, 254, 255, 256, 257, 258, 259, 260, 262, 263, 264, 266, 267, 268, 269, 270, 271, 272, 273, 274, 275, 276, 277, 278, 280], "excluded_lines": [], "start_line": 1}}}, "app/main.py": {"executed_lines": [1, 2, 4, 5, 7, 8, 9, 10, 11, 12, 13, 14, 17, 20, 21, 22, 24, 25, 28, 31, 32, 37, 38, 39, 42, 47, 48, 50, 51, 52, 55, 58, 67, 68, 74, 75, 76, 77, 78, 79, 82, 83, 84], "summary": {"covered_lines": 43, "num_statements": 56, "percent_covered": 76.78571428571429, "percent_covered_display": "77", "missing_lines": 13, "excluded_lines": 0, "percent_statements_covered": 76.78571428571429, "percent_statements_covered_display": "77"}, "missing_lines": [23, 26, 27, 29, 30, 33, 34, 40, 41, 43, 44, 53, 54], "excluded_lines": [], "functions": {"_ensure_columns": {"executed_lines": [20, 21, 22, 24, 25, 28, 31, 32, 37, 38, 39, 42], "summary": {"covered_lines": 12, "num_statements": 23, "percent_covered": 52.17391304347826, "percent_covered_display": "52", "missing_lines": 11, "excluded_lines": 0, "percent_statements_covered": 52.17391304347826, "percent_statements_covered_display": "52"}, "missing_lines": [23, 26, 27, 29, 30, 33, 34, 40, 41, 43, 44], "excluded_lines": [], "start_line": 17}, "lifespan": {"executed_lines": [50, 51, 52, 55], "summary": {"covered_lines": 4, "num_statements": 6, "percent_covered": 66.66666666666667, "percent_covered_display": "67", "missing_lines": 2, "excluded_lines": 0, "percent_statements_covered": 66.66666666666667, "percent_statements_covered_display": "67"}, "missing_lines": [53, 54], "excluded_lines": [], "start_line": 48}, "health": {"executed_lines": [84], "summary": {"covered_lines": 1, "num_statements": 1, "percent_covered": 100.0, "percent_covered_display": "100", "missing_lines": 0, "excluded_lines": 0, "percent_statements_covered": 100.0, "percent_statements_covered_display": "100"}, "missing_lines": [], "excluded_lines": [], "start_line": 83}, "": {"executed_lines": [1, 2, 4, 5, 7, 8, 9, 10, 11, 12, 13, 14, 17, 47, 48, 58, 67, 68, 74, 75, 76, 77, 78, 79, 82, 83], "summary": {"covered_lines": 26, "num_statements": 26, "percent_covered": 100.0, "percent_covered_display": "100", "missing_lines": 0, "excluded_lines": 0, "percent_statements_covered": 100.0, "percent_statements_covered_display": "100"}, "missing_lines": [], "excluded_lines": [], "start_line": 1}}, "classes": {"": {"executed_lines": [1, 2, 4, 5, 7, 8, 9, 10, 11, 12, 13, 14, 17, 20, 21, 22, 24, 25, 28, 31, 32, 37, 38, 39, 42, 47, 48, 50, 51, 52, 55, 58, 67, 68, 74, 75, 76, 77, 78, 79, 82, 83, 84], "summary": {"covered_lines": 43, "num_statements": 56, "percent_covered": 76.78571428571429, "percent_covered_display": "77", "missing_lines": 13, "excluded_lines": 0, "percent_statements_covered": 76.78571428571429, "percent_statements_covered_display": "77"}, "missing_lines": [23, 26, 27, 29, 30, 33, 34, 40, 41, 43, 44, 53, 54], "excluded_lines": [], "start_line": 1}}}, "app/members.py": {"executed_lines": [2, 4, 5, 6, 7, 9, 12, 15, 16, 54, 55, 95, 96, 103, 104], "summary": {"covered_lines": 15, "num_statements": 77, "percent_covered": 19.48051948051948, "percent_covered_display": "19", "missing_lines": 62, "excluded_lines": 0, "percent_statements_covered": 19.48051948051948, "percent_statements_covered_display": "19"}, "missing_lines": [20, 21, 22, 23, 24, 25, 26, 27, 28, 29, 30, 31, 33, 34, 35, 36, 38, 39, 40, 41, 42, 45, 46, 47, 48, 49, 50, 51, 60, 61, 62, 63, 64, 65, 67, 73, 76, 78, 79, 80, 81, 82, 91, 92, 97, 98, 99, 100, 106, 107, 108, 109, 110, 113, 114, 115, 116, 117, 118, 119, 120, 122], "excluded_lines": [], "functions": {"member_examples": {"executed_lines": [], "summary": {"covered_lines": 0, "num_statements": 28, "percent_covered": 0.0, "percent_covered_display": "0", "missing_lines": 28, "excluded_lines": 0, "percent_statements_covered": 0.0, "percent_statements_covered_display": "0"}, "missing_lines": [20, 21, 22, 23, 24, 25, 26, 27, 28, 29, 30, 31, 33, 34, 35, 36, 38, 39, 40, 41, 42, 45, 46, 47, 48, 49, 50, 51], "excluded_lines": [], "start_line": 16}, "list_members": {"executed_lines": [], "summary": {"covered_lines": 0, "num_statements": 16, "percent_covered": 0.0, "percent_covered_display": "0", "missing_lines": 16, "excluded_lines": 0, "percent_statements_covered": 0.0, "percent_statements_covered_display": "0"}, "missing_lines": [60, 61, 62, 63, 64, 65, 67, 73, 76, 78, 79, 80, 81, 82, 91, 92], "excluded_lines": [], "start_line": 55}, "get_network": {"executed_lines": [], "summary": {"covered_lines": 0, "num_statements": 4, "percent_covered": 0.0, "percent_covered_display": "0", "missing_lines": 4, "excluded_lines": 0, "percent_statements_covered": 0.0, "percent_statements_covered_display": "0"}, "missing_lines": [97, 98, 99, 100], "excluded_lines": [], "start_line": 96}, "get_member": {"executed_lines": [], "summary": {"covered_lines": 0, "num_statements": 14, "percent_covered": 0.0, "percent_covered_display": "0", "missing_lines": 14, "excluded_lines": 0, "percent_statements_covered": 0.0, "percent_statements_covered_display": "0"}, "missing_lines": [106, 107, 108, 109, 110, 113, 114, 115, 116, 117, 118, 119, 120, 122], "excluded_lines": [], "start_line": 104}, "": {"executed_lines": [2, 4, 5, 6, 7, 9, 12, 15, 16, 54, 55, 95, 96, 103, 104], "summary": {"covered_lines": 15, "num_statements": 15, "percent_covered": 100.0, "percent_covered_display": "100", "missing_lines": 0, "excluded_lines": 0, "percent_statements_covered": 100.0, "percent_statements_covered_display": "100"}, "missing_lines": [], "excluded_lines": [], "start_line": 1}}, "classes": {"": {"executed_lines": [2, 4, 5, 6, 7, 9, 12, 15, 16, 54, 55, 95, 96, 103, 104], "summary": {"covered_lines": 15, "num_statements": 77, "percent_covered": 19.48051948051948, "percent_covered_display": "19", "missing_lines": 62, "excluded_lines": 0, "percent_statements_covered": 19.48051948051948, "percent_statements_covered_display": "19"}, "missing_lines": [20, 21, 22, 23, 24, 25, 26, 27, 28, 29, 30, 31, 33, 34, 35, 36, 38, 39, 40, 41, 42, 45, 46, 47, 48, 49, 50, 51, 60, 61, 62, 63, 64, 65, 67, 73, 76, 78, 79, 80, 81, 82, 91, 92, 97, 98, 99, 100, 106, 107, 108, 109, 110, 113, 114, 115, 116, 117, 118, 119, 120, 122], "excluded_lines": [], "start_line": 1}}}, "app/models.py": {"executed_lines": [2, 4, 5, 7, 10, 11, 14, 15, 17, 18, 19, 20, 21, 24, 25, 27, 30, 32, 34, 35, 36, 37, 39, 40, 41, 42, 43, 44, 45, 46, 49, 50, 51, 52, 53, 54, 55, 56, 59, 60, 62, 63, 65, 69, 71, 73, 74, 75, 76, 77, 78, 79, 80, 82, 88, 89, 91, 92, 93, 94, 95, 96, 97, 98, 99, 102, 103, 105, 106, 107, 108, 109, 110, 111, 112, 113, 114, 117, 118, 120, 121, 122, 125, 128, 130, 131, 132, 133, 134, 135], "summary": {"covered_lines": 90, "num_statements": 90, "percent_covered": 100.0, "percent_covered_display": "100", "missing_lines": 0, "excluded_lines": 0, "percent_statements_covered": 100.0, "percent_statements_covered_display": "100"}, "missing_lines": [], "excluded_lines": [], "functions": {"_utcnow": {"executed_lines": [11], "summary": {"covered_lines": 1, "num_statements": 1, "percent_covered": 100.0, "percent_covered_display": "100", "missing_lines": 0, "excluded_lines": 0, "percent_statements_covered": 100.0, "percent_statements_covered_display": "100"}, "missing_lines": [], "excluded_lines": [], "start_line": 10}, "": {"executed_lines": [2, 4, 5, 7, 10, 14, 15, 17, 18, 19, 20, 21, 24, 25, 27, 30, 32, 34, 35, 36, 37, 39, 40, 41, 42, 43, 44, 45, 46, 49, 50, 51, 52, 53, 54, 55, 56, 59, 60, 62, 63, 65, 69, 71, 73, 74, 75, 76, 77, 78, 79, 80, 82, 88, 89, 91, 92, 93, 94, 95, 96, 97, 98, 99, 102, 103, 105, 106, 107, 108, 109, 110, 111, 112, 113, 114, 117, 118, 120, 121, 122, 125, 128, 130, 131, 132, 133, 134, 135], "summary": {"covered_lines": 89, "num_statements": 89, "percent_covered": 100.0, "percent_covered_display": "100", "missing_lines": 0, "excluded_lines": 0, "percent_statements_covered": 100.0, "percent_statements_covered_display": "100"}, "missing_lines": [], "excluded_lines": [], "start_line": 1}}, "classes": {"User": {"executed_lines": [], "summary": {"covered_lines": 0, "num_statements": 0, "percent_covered": 100.0, "percent_covered_display": "100", "missing_lines": 0, "excluded_lines": 0, "percent_statements_covered": 100.0, "percent_statements_covered_display": "100"}, "missing_lines": [], "excluded_lines": [], "start_line": 14}, "Application": {"executed_lines": [], "summary": {"covered_lines": 0, "num_statements": 0, "percent_covered": 100.0, "percent_covered_display": "100", "missing_lines": 0, "excluded_lines": 0, "percent_statements_covered": 100.0, "percent_statements_covered_display": "100"}, "missing_lines": [], "excluded_lines": [], "start_line": 30}, "Recommendation": {"executed_lines": [], "summary": {"covered_lines": 0, "num_statements": 0, "percent_covered": 100.0, "percent_covered_display": "100", "missing_lines": 0, "excluded_lines": 0, "percent_statements_covered": 100.0, "percent_statements_covered_display": "100"}, "missing_lines": [], "excluded_lines": [], "start_line": 69}, "Member": {"executed_lines": [], "summary": {"covered_lines": 0, "num_statements": 0, "percent_covered": 100.0, "percent_covered_display": "100", "missing_lines": 0, "excluded_lines": 0, "percent_statements_covered": 100.0, "percent_statements_covered_display": "100"}, "missing_lines": [], "excluded_lines": [], "start_line": 88}, "Loan": {"executed_lines": [], "summary": {"covered_lines": 0, "num_statements": 0, "percent_covered": 100.0, "percent_covered_display": "100", "missing_lines": 0, "excluded_lines": 0, "percent_statements_covered": 100.0, "percent_statements_covered_display": "100"}, "missing_lines": [], "excluded_lines": [], "start_line": 102}, "Guarantee": {"executed_lines": [], "summary": {"covered_lines": 0, "num_statements": 0, "percent_covered": 100.0, "percent_covered_display": "100", "missing_lines": 0, "excluded_lines": 0, "percent_statements_covered": 100.0, "percent_statements_covered_display": "100"}, "missing_lines": [], "excluded_lines": [], "start_line": 117}, "DatasetSeed": {"executed_lines": [], "summary": {"covered_lines": 0, "num_statements": 0, "percent_covered": 100.0, "percent_covered_display": "100", "missing_lines": 0, "excluded_lines": 0, "percent_statements_covered": 100.0, "percent_statements_covered_display": "100"}, "missing_lines": [], "excluded_lines": [], "start_line": 125}, "": {"executed_lines": [2, 4, 5, 7, 10, 11, 14, 15, 17, 18, 19, 20, 21, 24, 25, 27, 30, 32, 34, 35, 36, 37, 39, 40, 41, 42, 43, 44, 45, 46, 49, 50, 51, 52, 53, 54, 55, 56, 59, 60, 62, 63, 65, 69, 71, 73, 74, 75, 76, 77, 78, 79, 80, 82, 88, 89, 91, 92, 93, 94, 95, 96, 97, 98, 99, 102, 103, 105, 106, 107, 108, 109, 110, 111, 112, 113, 114, 117, 118, 120, 121, 122, 125, 128, 130, 131, 132, 133, 134, 135], "summary": {"covered_lines": 90, "num_statements": 90, "percent_covered": 100.0, "percent_covered_display": "100", "missing_lines": 0, "excluded_lines": 0, "percent_statements_covered": 100.0, "percent_statements_covered_display": "100"}, "missing_lines": [], "excluded_lines": [], "start_line": 1}}}, "app/network_data.py": {"executed_lines": [3, 4, 5, 7, 8, 11, 14, 15, 16, 17, 20, 21, 22, 23, 24, 25, 26, 29, 31, 34, 42, 53, 116, 119, 175, 213, 236], "summary": {"covered_lines": 27, "num_statements": 153, "percent_covered": 17.647058823529413, "percent_covered_display": "18", "missing_lines": 126, "excluded_lines": 0, "percent_statements_covered": 17.647058823529413, "percent_statements_covered_display": "18"}, "missing_lines": [18, 19, 37, 38, 39, 44, 45, 46, 47, 48, 49, 50, 55, 56, 58, 70, 71, 72, 73, 74, 75, 76, 78, 85, 86, 87, 94, 95, 96, 97, 98, 99, 100, 101, 102, 103, 104, 105, 106, 108, 122, 123, 125, 126, 127, 128, 130, 131, 132, 133, 134, 135, 137, 138, 139, 140, 141, 142, 144, 145, 146, 154, 155, 156, 157, 158, 159, 160, 161, 162, 163, 164, 165, 166, 167, 168, 170, 177, 178, 179, 180, 181, 182, 183, 184, 188, 189, 190, 191, 192, 193, 194, 195, 196, 197, 199, 200, 209, 210, 215, 216, 217, 218, 219, 220, 221, 222, 223, 224, 225, 232, 233, 238, 239, 240, 241, 242, 243, 244, 245, 246, 247, 248, 249, 250, 251], "excluded_lines": [], "functions": {"_load": {"executed_lines": [15, 16, 17, 20, 21, 22, 23, 24, 25, 26], "summary": {"covered_lines": 10, "num_statements": 12, "percent_covered": 83.33333333333333, "percent_covered_display": "83", "missing_lines": 2, "excluded_lines": 0, "percent_statements_covered": 83.33333333333333, "percent_statements_covered_display": "83"}, "missing_lines": [18, 19], "excluded_lines": [], "start_line": 14}, "reload": {"executed_lines": [], "summary": {"covered_lines": 0, "num_statements": 3, "percent_covered": 0.0, "percent_covered_display": "0", "missing_lines": 3, "excluded_lines": 0, "percent_statements_covered": 0.0, "percent_statements_covered_display": "0"}, "missing_lines": [37, 38, 39], "excluded_lines": [], "start_line": 34}, "_outcome": {"executed_lines": [], "summary": {"covered_lines": 0, "num_statements": 7, "percent_covered": 0.0, "percent_covered_display": "0", "missing_lines": 7, "excluded_lines": 0, "percent_statements_covered": 0.0, "percent_statements_covered_display": "0"}, "missing_lines": [44, 45, 46, 47, 48, 49, 50], "excluded_lines": [], "start_line": 42}, "member_detail": {"executed_lines": [], "summary": {"covered_lines": 0, "num_statements": 26, "percent_covered": 0.0, "percent_covered_display": "0", "missing_lines": 26, "excluded_lines": 0, "percent_statements_covered": 0.0, "percent_statements_covered_display": "0"}, "missing_lines": [55, 56, 58, 70, 71, 72, 73, 74, 75, 76, 78, 85, 94, 95, 96, 97, 98, 99, 100, 101, 102, 103, 104, 105, 106, 108], "excluded_lines": [], "start_line": 53}, "member_detail.node": {"executed_lines": [], "summary": {"covered_lines": 0, "num_statements": 2, "percent_covered": 0.0, "percent_covered_display": "0", "missing_lines": 2, "excluded_lines": 0, "percent_statements_covered": 0.0, "percent_statements_covered_display": "0"}, "missing_lines": [86, 87], "excluded_lines": [], "start_line": 85}, "neighborhood": {"executed_lines": [], "summary": {"covered_lines": 0, "num_statements": 30, "percent_covered": 0.0, "percent_covered_display": "0", "missing_lines": 30, "excluded_lines": 0, "percent_statements_covered": 0.0, "percent_statements_covered_display": "0"}, "missing_lines": [122, 123, 125, 126, 127, 128, 130, 131, 132, 133, 134, 135, 137, 144, 154, 155, 156, 157, 158, 159, 160, 161, 162, 163, 164, 165, 166, 167, 168, 170], "excluded_lines": [], "start_line": 119}, "neighborhood.role": {"executed_lines": [], "summary": {"covered_lines": 0, "num_statements": 5, "percent_covered": 0.0, "percent_covered_display": "0", "missing_lines": 5, "excluded_lines": 0, "percent_statements_covered": 0.0, "percent_statements_covered_display": "0"}, "missing_lines": [138, 139, 140, 141, 142], "excluded_lines": [], "start_line": 137}, "neighborhood.node": {"executed_lines": [], "summary": {"covered_lines": 0, "num_statements": 2, "percent_covered": 0.0, "percent_covered_display": "0", "missing_lines": 2, "excluded_lines": 0, "percent_statements_covered": 0.0, "percent_statements_covered_display": "0"}, "missing_lines": [145, 146], "excluded_lines": [], "start_line": 144}, "watchlist": {"executed_lines": [], "summary": {"covered_lines": 0, "num_statements": 22, "percent_covered": 0.0, "percent_covered_display": "0", "missing_lines": 22, "excluded_lines": 0, "percent_statements_covered": 0.0, "percent_statements_covered_display": "0"}, "missing_lines": [177, 178, 179, 180, 181, 182, 183, 184, 188, 189, 190, 191, 192, 193, 194, 195, 196, 197, 199, 200, 209, 210], "excluded_lines": [], "start_line": 175}, "super_guarantors": {"executed_lines": [], "summary": {"covered_lines": 0, "num_statements": 13, "percent_covered": 0.0, "percent_covered_display": "0", "missing_lines": 13, "excluded_lines": 0, "percent_statements_covered": 0.0, "percent_statements_covered_display": "0"}, "missing_lines": [215, 216, 217, 218, 219, 220, 221, 222, 223, 224, 225, 232, 233], "excluded_lines": [], "start_line": 213}, "communities": {"executed_lines": [], "summary": {"covered_lines": 0, "num_statements": 14, "percent_covered": 0.0, "percent_covered_display": "0", "missing_lines": 14, "excluded_lines": 0, "percent_statements_covered": 0.0, "percent_statements_covered_display": "0"}, "missing_lines": [238, 239, 240, 241, 242, 243, 244, 245, 246, 247, 248, 249, 250, 251], "excluded_lines": [], "start_line": 236}, "": {"executed_lines": [3, 4, 5, 7, 8, 11, 14, 29, 31, 34, 42, 53, 116, 119, 175, 213, 236], "summary": {"covered_lines": 17, "num_statements": 17, "percent_covered": 100.0, "percent_covered_display": "100", "missing_lines": 0, "excluded_lines": 0, "percent_statements_covered": 100.0, "percent_statements_covered_display": "100"}, "missing_lines": [], "excluded_lines": [], "start_line": 1}}, "classes": {"": {"executed_lines": [3, 4, 5, 7, 8, 11, 14, 15, 16, 17, 20, 21, 22, 23, 24, 25, 26, 29, 31, 34, 42, 53, 116, 119, 175, 213, 236], "summary": {"covered_lines": 27, "num_statements": 153, "percent_covered": 17.647058823529413, "percent_covered_display": "18", "missing_lines": 126, "excluded_lines": 0, "percent_statements_covered": 17.647058823529413, "percent_statements_covered_display": "18"}, "missing_lines": [18, 19, 37, 38, 39, 44, 45, 46, 47, 48, 49, 50, 55, 56, 58, 70, 71, 72, 73, 74, 75, 76, 78, 85, 86, 87, 94, 95, 96, 97, 98, 99, 100, 101, 102, 103, 104, 105, 106, 108, 122, 123, 125, 126, 127, 128, 130, 131, 132, 133, 134, 135, 137, 138, 139, 140, 141, 142, 144, 145, 146, 154, 155, 156, 157, 158, 159, 160, 161, 162, 163, 164, 165, 166, 167, 168, 170, 177, 178, 179, 180, 181, 182, 183, 184, 188, 189, 190, 191, 192, 193, 194, 195, 196, 197, 199, 200, 209, 210, 215, 216, 217, 218, 219, 220, 221, 222, 223, 224, 225, 232, 233, 238, 239, 240, 241, 242, 243, 244, 245, 246, 247, 248, 249, 250, 251], "excluded_lines": [], "start_line": 1}}}, "app/risk.py": {"executed_lines": [2, 4, 5, 6, 7, 9, 12, 13, 19, 31, 32], "summary": {"covered_lines": 11, "num_statements": 12, "percent_covered": 91.66666666666667, "percent_covered_display": "92", "missing_lines": 1, "excluded_lines": 0, "percent_statements_covered": 91.66666666666667, "percent_statements_covered_display": "92"}, "missing_lines": [35], "excluded_lines": [], "functions": {"assess_risk": {"executed_lines": [19], "summary": {"covered_lines": 1, "num_statements": 1, "percent_covered": 100.0, "percent_covered_display": "100", "missing_lines": 0, "excluded_lines": 0, "percent_statements_covered": 100.0, "percent_statements_covered_display": "100"}, "missing_lines": [], "excluded_lines": [], "start_line": 13}, "suggest_guarantors": {"executed_lines": [], "summary": {"covered_lines": 0, "num_statements": 1, "percent_covered": 0.0, "percent_covered_display": "0", "missing_lines": 1, "excluded_lines": 0, "percent_statements_covered": 0.0, "percent_statements_covered_display": "0"}, "missing_lines": [35], "excluded_lines": [], "start_line": 32}, "": {"executed_lines": [2, 4, 5, 6, 7, 9, 12, 13, 31, 32], "summary": {"covered_lines": 10, "num_statements": 10, "percent_covered": 100.0, "percent_covered_display": "100", "missing_lines": 0, "excluded_lines": 0, "percent_statements_covered": 100.0, "percent_statements_covered_display": "100"}, "missing_lines": [], "excluded_lines": [], "start_line": 1}}, "classes": {"": {"executed_lines": [2, 4, 5, 6, 7, 9, 12, 13, 19, 31, 32], "summary": {"covered_lines": 11, "num_statements": 12, "percent_covered": 91.66666666666667, "percent_covered_display": "92", "missing_lines": 1, "excluded_lines": 0, "percent_statements_covered": 91.66666666666667, "percent_statements_covered_display": "92"}, "missing_lines": [35], "excluded_lines": [], "start_line": 1}}}, "app/schema.py": {"executed_lines": [2, 3, 8, 11, 12, 13, 14, 16, 19, 20, 21, 22, 23, 25, 26, 27, 28, 30, 31, 32, 33, 35, 38, 39, 40, 42, 43, 44, 48, 49, 50, 51, 52, 54, 57, 58, 59, 60, 63, 64, 66, 67, 68, 72, 73, 75, 78, 79, 80, 83, 84, 90, 91, 93, 94, 95, 96, 97, 99, 101, 106, 107, 108, 109, 110, 113, 114, 115, 116, 119, 120, 121, 122, 123, 124, 125, 128, 130, 131, 132, 135, 137, 138, 141, 142, 143, 144, 145, 146, 147, 148, 149, 150, 151, 152, 153, 154, 159, 160, 161, 162, 163, 164, 165, 166, 167, 170, 171, 172, 173, 174, 175, 176, 179, 180, 181, 182, 183, 186, 187, 188, 189, 190, 191, 192, 193, 194, 197, 198, 199, 200, 201, 202, 203, 204, 205, 206, 209, 210, 211, 212, 213, 214, 217, 218, 219, 220, 223, 224, 225, 226, 227, 230, 231, 232, 235, 236, 237, 240, 241, 242, 243, 246, 247, 248, 249, 250, 251, 252, 255, 256, 257, 258, 259, 260, 261, 262, 263, 264, 269, 270, 271, 272, 273, 274, 275, 276, 277, 278, 281, 282, 283, 286, 287, 288, 289, 290, 291, 292, 295, 296, 299, 300, 301, 302, 303, 304, 305, 306, 307, 308, 311, 312, 313, 314, 315, 316, 317, 318, 319, 320, 321, 322, 323, 324, 325, 326, 327, 328, 329, 330, 331, 332, 333, 334, 337, 338, 339, 340, 345, 346, 347, 348, 349, 350, 351, 354, 355, 357, 358, 359, 365, 366, 367, 368, 369, 370, 371, 372, 373, 374, 375, 376, 377, 380, 381, 382, 383, 384, 385, 388, 390, 391, 392, 393, 394, 395, 396, 397, 398, 400, 401, 402, 403, 404, 405, 406, 407], "summary": {"covered_lines": 288, "num_statements": 295, "percent_covered": 97.62711864406779, "percent_covered_display": "98", "missing_lines": 7, "excluded_lines": 0, "percent_statements_covered": 97.62711864406779, "percent_statements_covered_display": "98"}, "missing_lines": [15, 34, 45, 69, 360, 361, 362], "excluded_lines": [], "functions": {"_normalize_email": {"executed_lines": [12, 13, 14, 16], "summary": {"covered_lines": 4, "num_statements": 5, "percent_covered": 80.0, "percent_covered_display": "80", "missing_lines": 1, "excluded_lines": 0, "percent_statements_covered": 80.0, "percent_statements_covered_display": "80"}, "missing_lines": [15], "excluded_lines": [], "start_line": 11}, "RegisterRequest._email": {"executed_lines": [28], "summary": {"covered_lines": 1, "num_statements": 1, "percent_covered": 100.0, "percent_covered_display": "100", "missing_lines": 0, "excluded_lines": 0, "percent_statements_covered": 100.0, "percent_statements_covered_display": "100"}, "missing_lines": [], "excluded_lines": [], "start_line": 27}, "RegisterRequest._role": {"executed_lines": [33, 35], "summary": {"covered_lines": 2, "num_statements": 3, "percent_covered": 66.66666666666667, "percent_covered_display": "67", "missing_lines": 1, "excluded_lines": 0, "percent_statements_covered": 66.66666666666667, "percent_statements_covered_display": "67"}, "missing_lines": [34], "excluded_lines": [], "start_line": 32}, "LoginRequest._email": {"executed_lines": [], "summary": {"covered_lines": 0, "num_statements": 1, "percent_covered": 0.0, "percent_covered_display": "0", "missing_lines": 1, "excluded_lines": 0, "percent_statements_covered": 0.0, "percent_statements_covered_display": "0"}, "missing_lines": [45], "excluded_lines": [], "start_line": 44}, "ForgotPasswordRequest._email": {"executed_lines": [], "summary": {"covered_lines": 0, "num_statements": 1, "percent_covered": 0.0, "percent_covered_display": "0", "missing_lines": 1, "excluded_lines": 0, "percent_statements_covered": 0.0, "percent_statements_covered_display": "0"}, "missing_lines": [69], "excluded_lines": [], "start_line": 68}, "RoleUpdate._role": {"executed_lines": [], "summary": {"covered_lines": 0, "num_statements": 3, "percent_covered": 0.0, "percent_covered_display": "0", "missing_lines": 3, "excluded_lines": 0, "percent_statements_covered": 0.0, "percent_statements_covered_display": "0"}, "missing_lines": [360, 361, 362], "excluded_lines": [], "start_line": 359}, "": {"executed_lines": [2, 3, 8, 11, 19, 20, 21, 22, 23, 25, 26, 27, 30, 31, 32, 38, 39, 40, 42, 43, 44, 48, 49, 50, 51, 52, 54, 57, 58, 59, 60, 63, 64, 66, 67, 68, 72, 73, 75, 78, 79, 80, 83, 84, 90, 91, 93, 94, 95, 96, 97, 99, 101, 106, 107, 108, 109, 110, 113, 114, 115, 116, 119, 120, 121, 122, 123, 124, 125, 128, 130, 131, 132, 135, 137, 138, 141, 142, 143, 144, 145, 146, 147, 148, 149, 150, 151, 152, 153, 154, 159, 160, 161, 162, 163, 164, 165, 166, 167, 170, 171, 172, 173, 174, 175, 176, 179, 180, 181, 182, 183, 186, 187, 188, 189, 190, 191, 192, 193, 194, 197, 198, 199, 200, 201, 202, 203, 204, 205, 206, 209, 210, 211, 212, 213, 214, 217, 218, 219, 220, 223, 224, 225, 226, 227, 230, 231, 232, 235, 236, 237, 240, 241, 242, 243, 246, 247, 248, 249, 250, 251, 252, 255, 256, 257, 258, 259, 260, 261, 262, 263, 264, 269, 270, 271, 272, 273, 274, 275, 276, 277, 278, 281, 282, 283, 286, 287, 288, 289, 290, 291, 292, 295, 296, 299, 300, 301, 302, 303, 304, 305, 306, 307, 308, 311, 312, 313, 314, 315, 316, 317, 318, 319, 320, 321, 322, 323, 324, 325, 326, 327, 328, 329, 330, 331, 332, 333, 334, 337, 338, 339, 340, 345, 346, 347, 348, 349, 350, 351, 354, 355, 357, 358, 359, 365, 366, 367, 368, 369, 370, 371, 372, 373, 374, 375, 376, 377, 380, 381, 382, 383, 384, 385, 388, 390, 391, 392, 393, 394, 395, 396, 397, 398, 400, 401, 402, 403, 404, 405, 406, 407], "summary": {"covered_lines": 281, "num_statements": 281, "percent_covered": 100.0, "percent_covered_display": "100", "missing_lines": 0, "excluded_lines": 0, "percent_statements_covered": 100.0, "percent_statements_covered_display": "100"}, "missing_lines": [], "excluded_lines": [], "start_line": 1}}, "classes": {"RegisterRequest": {"executed_lines": [28, 33, 35], "summary": {"covered_lines": 3, "num_statements": 4, "percent_covered": 75.0, "percent_covered_display": "75", "missing_lines": 1, "excluded_lines": 0, "percent_statements_covered": 75.0, "percent_statements_covered_display": "75"}, "missing_lines": [34], "excluded_lines": [], "start_line": 19}, "LoginRequest": {"executed_lines": [], "summary": {"covered_lines": 0, "num_statements": 1, "percent_covered": 0.0, "percent_covered_display": "0", "missing_lines": 1, "excluded_lines": 0, "percent_statements_covered": 0.0, "percent_statements_covered_display": "0"}, "missing_lines": [45], "excluded_lines": [], "start_line": 38}, "UserOut": {"executed_lines": [], "summary": {"covered_lines": 0, "num_statements": 0, "percent_covered": 100.0, "percent_covered_display": "100", "missing_lines": 0, "excluded_lines": 0, "percent_statements_covered": 100.0, "percent_statements_covered_display": "100"}, "missing_lines": [], "excluded_lines": [], "start_line": 48}, "TokenResponse": {"executed_lines": [], "summary": {"covered_lines": 0, "num_statements": 0, "percent_covered": 100.0, "percent_covered_display": "100", "missing_lines": 0, "excluded_lines": 0, "percent_statements_covered": 100.0, "percent_statements_covered_display": "100"}, "missing_lines": [], "excluded_lines": [], "start_line": 57}, "ForgotPasswordRequest": {"executed_lines": [], "summary": {"covered_lines": 0, "num_statements": 1, "percent_covered": 0.0, "percent_covered_display": "0", "missing_lines": 1, "excluded_lines": 0, "percent_statements_covered": 0.0, "percent_statements_covered_display": "0"}, "missing_lines": [69], "excluded_lines": [], "start_line": 63}, "ForgotPasswordResponse": {"executed_lines": [], "summary": {"covered_lines": 0, "num_statements": 0, "percent_covered": 100.0, "percent_covered_display": "100", "missing_lines": 0, "excluded_lines": 0, "percent_statements_covered": 100.0, "percent_statements_covered_display": "100"}, "missing_lines": [], "excluded_lines": [], "start_line": 72}, "ResetPasswordRequest": {"executed_lines": [], "summary": {"covered_lines": 0, "num_statements": 0, "percent_covered": 100.0, "percent_covered_display": "100", "missing_lines": 0, "excluded_lines": 0, "percent_statements_covered": 100.0, "percent_statements_covered_display": "100"}, "missing_lines": [], "excluded_lines": [], "start_line": 78}, "MessageResponse": {"executed_lines": [], "summary": {"covered_lines": 0, "num_statements": 0, "percent_covered": 100.0, "percent_covered_display": "100", "missing_lines": 0, "excluded_lines": 0, "percent_statements_covered": 100.0, "percent_statements_covered_display": "100"}, "missing_lines": [], "excluded_lines": [], "start_line": 83}, "AssessRequest": {"executed_lines": [], "summary": {"covered_lines": 0, "num_statements": 0, "percent_covered": 100.0, "percent_covered_display": "100", "missing_lines": 0, "excluded_lines": 0, "percent_statements_covered": 100.0, "percent_statements_covered_display": "100"}, "missing_lines": [], "excluded_lines": [], "start_line": 90}, "Reason": {"executed_lines": [], "summary": {"covered_lines": 0, "num_statements": 0, "percent_covered": 100.0, "percent_covered_display": "100", "missing_lines": 0, "excluded_lines": 0, "percent_statements_covered": 100.0, "percent_statements_covered_display": "100"}, "missing_lines": [], "excluded_lines": [], "start_line": 106}, "NetworkInfo": {"executed_lines": [], "summary": {"covered_lines": 0, "num_statements": 0, "percent_covered": 100.0, "percent_covered_display": "100", "missing_lines": 0, "excluded_lines": 0, "percent_statements_covered": 100.0, "percent_statements_covered_display": "100"}, "missing_lines": [], "excluded_lines": [], "start_line": 113}, "ShapContribution": {"executed_lines": [], "summary": {"covered_lines": 0, "num_statements": 0, "percent_covered": 100.0, "percent_covered_display": "100", "missing_lines": 0, "excluded_lines": 0, "percent_statements_covered": 100.0, "percent_statements_covered_display": "100"}, "missing_lines": [], "excluded_lines": [], "start_line": 119}, "BorrowerSegment": {"executed_lines": [], "summary": {"covered_lines": 0, "num_statements": 0, "percent_covered": 100.0, "percent_covered_display": "100", "missing_lines": 0, "excluded_lines": 0, "percent_statements_covered": 100.0, "percent_statements_covered_display": "100"}, "missing_lines": [], "excluded_lines": [], "start_line": 128}, "AnomalyFlag": {"executed_lines": [], "summary": {"covered_lines": 0, "num_statements": 0, "percent_covered": 100.0, "percent_covered_display": "100", "missing_lines": 0, "excluded_lines": 0, "percent_statements_covered": 100.0, "percent_statements_covered_display": "100"}, "missing_lines": [], "excluded_lines": [], "start_line": 135}, "AssessResponse": {"executed_lines": [], "summary": {"covered_lines": 0, "num_statements": 0, "percent_covered": 100.0, "percent_covered_display": "100", "missing_lines": 0, "excluded_lines": 0, "percent_statements_covered": 100.0, "percent_statements_covered_display": "100"}, "missing_lines": [], "excluded_lines": [], "start_line": 141}, "WatchlistItem": {"executed_lines": [], "summary": {"covered_lines": 0, "num_statements": 0, "percent_covered": 100.0, "percent_covered_display": "100", "missing_lines": 0, "excluded_lines": 0, "percent_statements_covered": 100.0, "percent_statements_covered_display": "100"}, "missing_lines": [], "excluded_lines": [], "start_line": 159}, "SuperGuarantor": {"executed_lines": [], "summary": {"covered_lines": 0, "num_statements": 0, "percent_covered": 100.0, "percent_covered_display": "100", "missing_lines": 0, "excluded_lines": 0, "percent_statements_covered": 100.0, "percent_statements_covered_display": "100"}, "missing_lines": [], "excluded_lines": [], "start_line": 170}, "CommunityStat": {"executed_lines": [], "summary": {"covered_lines": 0, "num_statements": 0, "percent_covered": 100.0, "percent_covered_display": "100", "missing_lines": 0, "excluded_lines": 0, "percent_statements_covered": 100.0, "percent_statements_covered_display": "100"}, "missing_lines": [], "excluded_lines": [], "start_line": 179}, "EarlyWarningItem": {"executed_lines": [], "summary": {"covered_lines": 0, "num_statements": 0, "percent_covered": 100.0, "percent_covered_display": "100", "missing_lines": 0, "excluded_lines": 0, "percent_statements_covered": 100.0, "percent_statements_covered_display": "100"}, "missing_lines": [], "excluded_lines": [], "start_line": 186}, "MemberProfile": {"executed_lines": [], "summary": {"covered_lines": 0, "num_statements": 0, "percent_covered": 100.0, "percent_covered_display": "100", "missing_lines": 0, "excluded_lines": 0, "percent_statements_covered": 100.0, "percent_statements_covered_display": "100"}, "missing_lines": [], "excluded_lines": [], "start_line": 197}, "LoanRef": {"executed_lines": [], "summary": {"covered_lines": 0, "num_statements": 0, "percent_covered": 100.0, "percent_covered_display": "100", "missing_lines": 0, "excluded_lines": 0, "percent_statements_covered": 100.0, "percent_statements_covered_display": "100"}, "missing_lines": [], "excluded_lines": [], "start_line": 209}, "BackedLoan": {"executed_lines": [], "summary": {"covered_lines": 0, "num_statements": 0, "percent_covered": 100.0, "percent_covered_display": "100", "missing_lines": 0, "excluded_lines": 0, "percent_statements_covered": 100.0, "percent_statements_covered_display": "100"}, "missing_lines": [], "excluded_lines": [], "start_line": 217}, "NetNode": {"executed_lines": [], "summary": {"covered_lines": 0, "num_statements": 0, "percent_covered": 100.0, "percent_covered_display": "100", "missing_lines": 0, "excluded_lines": 0, "percent_statements_covered": 100.0, "percent_statements_covered_display": "100"}, "missing_lines": [], "excluded_lines": [], "start_line": 223}, "NetEdge": {"executed_lines": [], "summary": {"covered_lines": 0, "num_statements": 0, "percent_covered": 100.0, "percent_covered_display": "100", "missing_lines": 0, "excluded_lines": 0, "percent_statements_covered": 100.0, "percent_statements_covered_display": "100"}, "missing_lines": [], "excluded_lines": [], "start_line": 230}, "MemberNetwork": {"executed_lines": [], "summary": {"covered_lines": 0, "num_statements": 0, "percent_covered": 100.0, "percent_covered_display": "100", "missing_lines": 0, "excluded_lines": 0, "percent_statements_covered": 100.0, "percent_statements_covered_display": "100"}, "missing_lines": [], "excluded_lines": [], "start_line": 235}, "NetworkView": {"executed_lines": [], "summary": {"covered_lines": 0, "num_statements": 0, "percent_covered": 100.0, "percent_covered_display": "100", "missing_lines": 0, "excluded_lines": 0, "percent_statements_covered": 100.0, "percent_statements_covered_display": "100"}, "missing_lines": [], "excluded_lines": [], "start_line": 240}, "MemberDetail": {"executed_lines": [], "summary": {"covered_lines": 0, "num_statements": 0, "percent_covered": 100.0, "percent_covered_display": "100", "missing_lines": 0, "excluded_lines": 0, "percent_statements_covered": 100.0, "percent_statements_covered_display": "100"}, "missing_lines": [], "excluded_lines": [], "start_line": 246}, "MemberOut": {"executed_lines": [], "summary": {"covered_lines": 0, "num_statements": 0, "percent_covered": 100.0, "percent_covered_display": "100", "missing_lines": 0, "excluded_lines": 0, "percent_statements_covered": 100.0, "percent_statements_covered_display": "100"}, "missing_lines": [], "excluded_lines": [], "start_line": 255}, "ApplicationCreate": {"executed_lines": [], "summary": {"covered_lines": 0, "num_statements": 0, "percent_covered": 100.0, "percent_covered_display": "100", "missing_lines": 0, "excluded_lines": 0, "percent_statements_covered": 100.0, "percent_statements_covered_display": "100"}, "missing_lines": [], "excluded_lines": [], "start_line": 269}, "RecommendationCreate": {"executed_lines": [], "summary": {"covered_lines": 0, "num_statements": 0, "percent_covered": 100.0, "percent_covered_display": "100", "missing_lines": 0, "excluded_lines": 0, "percent_statements_covered": 100.0, "percent_statements_covered_display": "100"}, "missing_lines": [], "excluded_lines": [], "start_line": 281}, "RecommendationOut": {"executed_lines": [], "summary": {"covered_lines": 0, "num_statements": 0, "percent_covered": 100.0, "percent_covered_display": "100", "missing_lines": 0, "excluded_lines": 0, "percent_statements_covered": 100.0, "percent_statements_covered_display": "100"}, "missing_lines": [], "excluded_lines": [], "start_line": 286}, "EscalateRequest": {"executed_lines": [], "summary": {"covered_lines": 0, "num_statements": 0, "percent_covered": 100.0, "percent_covered_display": "100", "missing_lines": 0, "excluded_lines": 0, "percent_statements_covered": 100.0, "percent_statements_covered_display": "100"}, "missing_lines": [], "excluded_lines": [], "start_line": 295}, "ApplicationListItem": {"executed_lines": [], "summary": {"covered_lines": 0, "num_statements": 0, "percent_covered": 100.0, "percent_covered_display": "100", "missing_lines": 0, "excluded_lines": 0, "percent_statements_covered": 100.0, "percent_statements_covered_display": "100"}, "missing_lines": [], "excluded_lines": [], "start_line": 299}, "ApplicationOut": {"executed_lines": [], "summary": {"covered_lines": 0, "num_statements": 0, "percent_covered": 100.0, "percent_covered_display": "100", "missing_lines": 0, "excluded_lines": 0, "percent_statements_covered": 100.0, "percent_statements_covered_display": "100"}, "missing_lines": [], "excluded_lines": [], "start_line": 311}, "ApplicationStats": {"executed_lines": [], "summary": {"covered_lines": 0, "num_statements": 0, "percent_covered": 100.0, "percent_covered_display": "100", "missing_lines": 0, "excluded_lines": 0, "percent_statements_covered": 100.0, "percent_statements_covered_display": "100"}, "missing_lines": [], "excluded_lines": [], "start_line": 337}, "AdminUserOut": {"executed_lines": [], "summary": {"covered_lines": 0, "num_statements": 0, "percent_covered": 100.0, "percent_covered_display": "100", "missing_lines": 0, "excluded_lines": 0, "percent_statements_covered": 100.0, "percent_statements_covered_display": "100"}, "missing_lines": [], "excluded_lines": [], "start_line": 345}, "RoleUpdate": {"executed_lines": [], "summary": {"covered_lines": 0, "num_statements": 3, "percent_covered": 0.0, "percent_covered_display": "0", "missing_lines": 3, "excluded_lines": 0, "percent_statements_covered": 0.0, "percent_statements_covered_display": "0"}, "missing_lines": [360, 361, 362], "excluded_lines": [], "start_line": 354}, "ModelCard": {"executed_lines": [], "summary": {"covered_lines": 0, "num_statements": 0, "percent_covered": 100.0, "percent_covered_display": "100", "missing_lines": 0, "excluded_lines": 0, "percent_statements_covered": 100.0, "percent_statements_covered_display": "100"}, "missing_lines": [], "excluded_lines": [], "start_line": 365}, "ActivityStats": {"executed_lines": [], "summary": {"covered_lines": 0, "num_statements": 0, "percent_covered": 100.0, "percent_covered_display": "100", "missing_lines": 0, "excluded_lines": 0, "percent_statements_covered": 100.0, "percent_statements_covered_display": "100"}, "missing_lines": [], "excluded_lines": [], "start_line": 380}, "InsightsOverview": {"executed_lines": [], "summary": {"covered_lines": 0, "num_statements": 0, "percent_covered": 100.0, "percent_covered_display": "100", "missing_lines": 0, "excluded_lines": 0, "percent_statements_covered": 100.0, "percent_statements_covered_display": "100"}, "missing_lines": [], "excluded_lines": [], "start_line": 388}, "": {"executed_lines": [2, 3, 8, 11, 12, 13, 14, 16, 19, 20, 21, 22, 23, 25, 26, 27, 30, 31, 32, 38, 39, 40, 42, 43, 44, 48, 49, 50, 51, 52, 54, 57, 58, 59, 60, 63, 64, 66, 67, 68, 72, 73, 75, 78, 79, 80, 83, 84, 90, 91, 93, 94, 95, 96, 97, 99, 101, 106, 107, 108, 109, 110, 113, 114, 115, 116, 119, 120, 121, 122, 123, 124, 125, 128, 130, 131, 132, 135, 137, 138, 141, 142, 143, 144, 145, 146, 147, 148, 149, 150, 151, 152, 153, 154, 159, 160, 161, 162, 163, 164, 165, 166, 167, 170, 171, 172, 173, 174, 175, 176, 179, 180, 181, 182, 183, 186, 187, 188, 189, 190, 191, 192, 193, 194, 197, 198, 199, 200, 201, 202, 203, 204, 205, 206, 209, 210, 211, 212, 213, 214, 217, 218, 219, 220, 223, 224, 225, 226, 227, 230, 231, 232, 235, 236, 237, 240, 241, 242, 243, 246, 247, 248, 249, 250, 251, 252, 255, 256, 257, 258, 259, 260, 261, 262, 263, 264, 269, 270, 271, 272, 273, 274, 275, 276, 277, 278, 281, 282, 283, 286, 287, 288, 289, 290, 291, 292, 295, 296, 299, 300, 301, 302, 303, 304, 305, 306, 307, 308, 311, 312, 313, 314, 315, 316, 317, 318, 319, 320, 321, 322, 323, 324, 325, 326, 327, 328, 329, 330, 331, 332, 333, 334, 337, 338, 339, 340, 345, 346, 347, 348, 349, 350, 351, 354, 355, 357, 358, 359, 365, 366, 367, 368, 369, 370, 371, 372, 373, 374, 375, 376, 377, 380, 381, 382, 383, 384, 385, 388, 390, 391, 392, 393, 394, 395, 396, 397, 398, 400, 401, 402, 403, 404, 405, 406, 407], "summary": {"covered_lines": 285, "num_statements": 286, "percent_covered": 99.65034965034965, "percent_covered_display": "99", "missing_lines": 1, "excluded_lines": 0, "percent_statements_covered": 99.65034965034965, "percent_statements_covered_display": "99"}, "missing_lines": [15], "excluded_lines": [], "start_line": 1}}}, "app/scoring.py": {"executed_lines": [12, 13, 14, 15, 16, 17, 19, 21, 22, 23, 24, 26, 27, 32, 33, 36, 41, 42, 43, 48, 49, 50, 51, 52, 53, 55, 56, 59, 60, 64, 65, 66, 68, 69, 73, 75, 76, 78, 82, 89, 90, 93, 94, 95, 96, 97, 98, 100, 101, 104, 105, 106, 107, 108, 109, 110, 111, 112, 113, 116, 119, 125, 126, 129, 130, 131, 132, 133, 134, 135, 136, 137, 138, 139, 140, 141, 144, 145, 146, 148, 149, 150, 151, 152, 153, 155, 156, 157, 158, 159, 160, 161, 164, 167, 168, 169, 170, 171, 172, 173, 176, 184, 186, 189, 191, 194, 203, 217, 219, 220, 222, 223, 224, 225, 228, 229, 249, 252, 258, 259, 260, 277, 278, 279, 280, 282, 285, 289, 290, 291, 292, 293, 294, 297, 302, 303, 304, 305, 306, 308, 309, 311, 314, 315, 318, 326, 329, 334, 345, 346, 347, 348, 349, 351, 352, 353, 356, 359, 360, 363, 364, 365, 373, 374, 375, 378, 406, 408, 409, 410, 415, 418, 420, 421, 425, 428, 430, 431, 432, 433, 434, 436, 437, 438, 439, 440, 441, 442, 443, 444, 445, 446, 447, 448, 449, 450, 451, 452, 453, 454, 455, 456, 457, 458, 459, 461, 464, 472, 483, 485, 486, 487, 488, 489, 496, 497, 498, 499, 500, 501, 503, 504, 505, 506, 507, 508, 509, 510, 511, 512, 517, 519, 524, 526, 527, 528, 532, 534, 535, 536, 537, 538, 539, 540, 543, 577, 580, 583, 584, 585, 586, 587, 590, 591, 594, 596, 637, 638, 641, 644, 650, 651, 652, 653, 655, 657, 659, 660, 661, 662, 663, 664, 667, 668, 670, 671, 672, 673, 674, 675, 685, 686, 687, 688, 689, 691, 692, 693, 694, 695, 696, 697, 698, 699, 703, 704, 705, 706, 707, 708, 712, 717, 718, 720, 721, 722, 723, 728, 730, 731, 732, 737, 738, 746, 747, 748, 749, 750, 751, 761, 762, 763, 764, 769, 778, 779, 780, 784, 785, 790, 795, 796, 801, 806, 807, 808, 811, 813, 814, 815, 816, 817, 818, 819, 820, 822, 823, 824, 825, 826, 827, 829, 830, 831, 832, 833, 836, 840, 847, 848, 849, 850, 851, 853, 854, 856, 857, 858, 861, 862, 863, 864, 865, 866, 867, 869, 870, 871, 872, 873, 874, 877, 879, 881, 886, 889, 891, 892, 894, 895, 896, 897, 899, 900, 901, 903, 906, 909, 927, 941, 953, 1009, 1015, 1016, 1017, 1020, 1023, 1024, 1025, 1026, 1028, 1029, 1032, 1033, 1034, 1035, 1045, 1046, 1047, 1048, 1049, 1050, 1051, 1052, 1053, 1054, 1055, 1056, 1057, 1058, 1059, 1060, 1063, 1064, 1065, 1073, 1074, 1078, 1079, 1080, 1081, 1083], "summary": {"covered_lines": 442, "num_statements": 647, "percent_covered": 68.31530139103555, "percent_covered_display": "68", "missing_lines": 205, "excluded_lines": 0, "percent_statements_covered": 68.31530139103555, "percent_statements_covered_display": "68"}, "missing_lines": [38, 44, 45, 54, 57, 58, 61, 62, 99, 102, 103, 114, 115, 142, 143, 147, 154, 196, 197, 198, 199, 200, 208, 210, 211, 212, 213, 214, 226, 227, 261, 262, 263, 264, 265, 266, 267, 268, 269, 270, 271, 272, 273, 274, 281, 286, 330, 331, 350, 361, 362, 366, 367, 368, 369, 370, 371, 372, 382, 383, 384, 385, 386, 387, 388, 389, 390, 392, 393, 394, 395, 396, 397, 398, 399, 400, 401, 403, 411, 412, 413, 414, 422, 460, 462, 463, 465, 466, 467, 468, 469, 470, 471, 473, 474, 475, 476, 477, 478, 479, 480, 481, 482, 484, 490, 491, 492, 493, 502, 513, 514, 515, 516, 518, 520, 525, 529, 639, 640, 666, 677, 709, 710, 711, 713, 714, 739, 740, 756, 757, 770, 821, 828, 855, 875, 876, 878, 893, 898, 902, 913, 914, 915, 922, 923, 924, 931, 932, 933, 934, 935, 936, 937, 938, 943, 944, 945, 946, 947, 948, 949, 950, 957, 958, 959, 960, 961, 965, 966, 968, 969, 970, 971, 972, 973, 974, 975, 976, 977, 978, 979, 980, 981, 982, 983, 991, 992, 994, 996, 997, 998, 999, 1000, 1001, 1002, 1003, 1005, 1036, 1037, 1038, 1039, 1040, 1041, 1042, 1066], "excluded_lines": [], "functions": {"_mkey": {"executed_lines": [], "summary": {"covered_lines": 0, "num_statements": 1, "percent_covered": 0.0, "percent_covered_display": "0", "missing_lines": 1, "excluded_lines": 0, "percent_statements_covered": 0.0, "percent_statements_covered_display": "0"}, "missing_lines": [38], "excluded_lines": [], "start_line": 36}, "_load": {"executed_lines": [42, 43, 48, 49, 50, 51, 52, 53, 55, 56, 59, 60, 64, 65, 66, 68, 69, 73, 75, 76, 78], "summary": {"covered_lines": 21, "num_statements": 28, "percent_covered": 75.0, "percent_covered_display": "75", "missing_lines": 7, "excluded_lines": 0, "percent_statements_covered": 75.0, "percent_statements_covered_display": "75"}, "missing_lines": [44, 45, 54, 57, 58, 61, 62], "excluded_lines": [], "start_line": 41}, "_load_histories": {"executed_lines": [94, 95, 96, 97, 98, 100, 101, 104, 105, 106, 107, 108, 109, 110, 111, 112, 113, 116], "summary": {"covered_lines": 18, "num_statements": 23, "percent_covered": 78.26086956521739, "percent_covered_display": "78", "missing_lines": 5, "excluded_lines": 0, "percent_statements_covered": 78.26086956521739, "percent_statements_covered_display": "78"}, "missing_lines": [99, 102, 103, 114, 115], "excluded_lines": [], "start_line": 93}, "_load_communities": {"executed_lines": [130, 131, 136, 140, 141, 144, 145, 146, 148, 149, 150, 151, 152, 153, 155, 156, 157, 158, 159, 160, 161], "summary": {"covered_lines": 21, "num_statements": 25, "percent_covered": 84.0, "percent_covered_display": "84", "missing_lines": 4, "excluded_lines": 0, "percent_statements_covered": 84.0, "percent_statements_covered_display": "84"}, "missing_lines": [142, 143, 147, 154], "excluded_lines": [], "start_line": 129}, "_load_communities.find": {"executed_lines": [132, 133, 134, 135], "summary": {"covered_lines": 4, "num_statements": 4, "percent_covered": 100.0, "percent_covered_display": "100", "missing_lines": 0, "excluded_lines": 0, "percent_statements_covered": 100.0, "percent_statements_covered_display": "100"}, "missing_l
[...]
 270, 271, 272, 273, 274], "excluded_lines": [], "start_line": 258}, "_member": {"executed_lines": [278, 279, 280, 282], "summary": {"covered_lines": 4, "num_statements": 5, "percent_covered": 80.0, "percent_covered_display": "80", "missing_lines": 1, "excluded_lines": 0, "percent_statements_covered": 80.0, "percent_statements_covered_display": "80"}, "missing_lines": [281], "excluded_lines": [], "start_line": 277}, "_guarantee_dates": {"executed_lines": [], "summary": {"covered_lines": 0, "num_statements": 1, "percent_covered": 0.0, "percent_covered_display": "0", "missing_lines": 1, "excluded_lines": 0, "percent_statements_covered": 0.0, "percent_statements_covered_display": "0"}, "missing_lines": [286], "excluded_lines": [], "start_line": 285}, "_band": {"executed_lines": [290, 291, 292, 293, 294], "summary": {"covered_lines": 5, "num_statements": 5, "percent_covered": 100.0, "percent_covered_display": "100", "missing_lines": 0, "excluded_lines": 0, "percent_statements_covered": 100.0, "percent_statements_covered_display": "100"}, "missing_lines": [], "excluded_lines": [], "start_line": 289}, "_display_score": {"executed_lines": [302, 303, 304, 305, 306, 308, 309, 311], "summary": {"covered_lines": 8, "num_statements": 8, "percent_covered": 100.0, "percent_covered_display": "100", "missing_lines": 0, "excluded_lines": 0, "percent_statements_covered": 100.0, "percent_statements_covered_display": "100"}, "missing_lines": [], "excluded_lines": [], "start_line": 297}, "_display_for_band": {"executed_lines": [326], "summary": {"covered_lines": 1, "num_statements": 1, "percent_covered": 100.0, "percent_covered_display": "100", "missing_lines": 0, "excluded_lines": 0, "percent_statements_covered": 100.0, "percent_statements_covered_display": "100"}, "missing_lines": [], "excluded_lines": [], "start_line": 318}, "_bump": {"executed_lines": [], "summary": {"covered_lines": 0, "num_statements": 2, "percent_covered": 0.0, "percent_covered_display": "0", "missing_lines": 2, "excluded_lines": 0, "percent_statements_covered": 0.0, "percent_statements_covered_display": "0"}, "missing_lines": [330, 331], "excluded_lines": [], "start_line": 329}, "adjust_band": {"executed_lines": [345, 346, 347, 348, 349, 351, 352, 353], "summary": {"covered_lines": 8, "num_statements": 9, "percent_covered": 88.88888888888889, "percent_covered_display": "89", "missing_lines": 1, "excluded_lines": 0, "percent_statements_covered": 88.88888888888889, "percent_statements_covered_display": "89"}, "missing_lines": [350], "excluded_lines": [], "start_line": 334}, "score_loan": {"executed_lines": [359, 360, 363, 364, 365, 373, 374, 375], "summary": {"covered_lines": 8, "num_statements": 17, "percent_covered": 47.05882352941177, "percent_covered_display": "47", "missing_lines": 9, "excluded_lines": 0, "percent_statements_covered": 47.05882352941177, "percent_statements_covered_display": "47"}, "missing_lines": [361, 362, 366, 367, 368, 369, 370, 371, 372], "excluded_lines": [], "start_line": 356}, "score_many": {"executed_lines": [], "summary": {"covered_lines": 0, "num_statements": 20, "percent_covered": 0.0, "percent_covered_display": "0", "missing_lines": 20, "excluded_lines": 0, "percent_statements_covered": 0.0, "percent_statements_covered_display": "0"}, "missing_lines": [382, 383, 384, 385, 386, 387, 388, 389, 390, 392, 393, 394, 395, 396, 397, 398, 399, 400, 401, 403], "excluded_lines": [], "start_line": 378}, "_prior_default": {"executed_lines": [408, 409, 410, 415], "summary": {"covered_lines": 4, "num_statements": 8, "percent_covered": 50.0, "percent_covered_display": "50", "missing_lines": 4, "excluded_lines": 0, "percent_statements_covered": 50.0, "percent_statements_covered_display": "50"}, "missing_lines": [411, 412, 413, 414], "excluded_lines": [], "start_line": 406}, "_prior_loans": {"executed_lines": [420, 421], "summary": {"covered_lines": 2, "num_statements": 3, "percent_covered": 66.66666666666667, "percent_covered_display": "67", "missing_lines": 1, "excluded_lines": 0, "percent_statements_covered": 66.66666666666667, "percent_statements_covered_display": "67"}, "missing_lines": [422], "excluded_lines": [], "start_line": 418}, "_feat_value": {"executed_lines": [428, 430, 431, 432, 433, 434, 436, 437, 438, 439, 440, 441, 442, 443, 444, 445, 446, 447, 448, 449, 450, 451, 452, 453, 454, 455, 456, 457, 458, 459, 461, 464, 472, 483, 485, 486, 487, 488, 489, 496, 497, 498, 499, 500, 501, 503, 504, 505, 506, 507, 508, 509, 510, 511, 512, 517, 519, 524, 526, 527, 528], "summary": {"covered_lines": 61, "num_statements": 95, "percent_covered": 64.21052631578948, "percent_covered_display": "64", "missing_lines": 34, "excluded_lines": 0, "percent_statements_covered": 64.21052631578948, "percent_statements_covered_display": "64"}, "missing_lines": [460, 462, 463, 465, 466, 467, 468, 469, 470, 471, 473, 474, 475, 476, 477, 478, 479, 480, 481, 482, 484, 490, 491, 492, 493, 502, 513, 514, 515, 516, 518, 520, 525, 529], "excluded_lines": [], "start_line": 425}, "_build_features": {"executed_lines": [534, 535, 536, 537, 538, 539, 540], "summary": {"covered_lines": 7, "num_statements": 7, "percent_covered": 100.0, "percent_covered_display": "100", "missing_lines": 0, "excluded_lines": 0, "percent_statements_covered": 100.0, "percent_statements_covered_display": "100"}, "missing_lines": [], "excluded_lines": [], "start_line": 532}, "_driver_plain": {"executed_lines": [580, 583, 584, 585, 586, 587, 590, 591, 594, 596, 637, 638, 641], "summary": {"covered_lines": 13, "num_statements": 15, "percent_covered": 86.66666666666667, "percent_covered_display": "87", "missing_lines": 2, "excluded_lines": 0, "percent_statements_covered": 86.66666666666667, "percent_statements_covered_display": "87"}, "missing_lines": [639, 640], "excluded_lines": [], "start_line": 577}, "_shap": {"executed_lines": [650, 651, 652, 653, 655, 657, 670, 671, 672, 673, 674, 675, 685, 686, 687, 688, 689, 691, 692, 693, 694, 695, 696, 697, 698, 699, 703, 704, 705, 706, 707, 708, 712], "summary": {"covered_lines": 33, "num_statements": 39, "percent_covered": 84.61538461538461, "percent_covered_display": "85", "missing_lines": 6, "excluded_lines": 0, "percent_statements_covered": 84.61538461538461, "percent_statements_covered_display": "85"}, "missing_lines": [677, 709, 710, 711, 713, 714], "excluded_lines": [], "start_line": 644}, "_shap.booster_contribs": {"executed_lines": [659, 660, 661, 662, 663, 664, 667, 668], "summary": {"covered_lines": 8, "num_statements": 9, "percent_covered": 88.88888888888889, "percent_covered_display": "89", "missing_lines": 1, "excluded_lines": 0, "percent_statements_covered": 88.88888888888889, "percent_statements_covered_display": "89"}, "missing_lines": [666], "excluded_lines": [], "start_line": 657}, "_flags_and_reasons": {"executed_lines": [718, 720, 721, 722, 723, 728, 730, 731, 732, 737, 738, 746, 747, 748, 749, 750, 751, 761, 762, 763, 764, 769, 778, 779, 780, 784, 785, 790, 795, 796, 801, 806, 807, 808], "summary": {"covered_lines": 34, "num_statements": 39, "percent_covered": 87.17948717948718, "percent_covered_display": "87", "missing_lines": 5, "excluded_lines": 0, "percent_statements_covered": 87.17948717948718, "percent_statements_covered_display": "87"}, "missing_lines": [739, 740, 756, 757, 770], "excluded_lines": [], "start_line": 717}, "_recommendations": {"executed_lines": [813, 814, 815, 816, 817, 818, 819, 820, 822, 823, 824, 825, 826, 827, 829, 830, 831, 832, 833], "summary": {"covered_lines": 19, "num_statements": 21, "percent_covered": 90.47619047619048, "percent_covered_display": "90", "missing_lines": 2, "excluded_lines": 0, "percent_statements_covered": 90.47619047619048, "percent_statements_covered_display": "90"}, "missing_lines": [821, 828], "excluded_lines": [], "start_line": 811}, "_decision_brief": {"executed_lines": [840, 847, 848, 849, 850, 851, 853, 854, 856, 857, 858, 861, 862, 863, 864, 865, 866, 867, 869, 870, 871, 872, 873, 874, 877, 879, 881, 886], "summary": {"covered_lines": 28, "num_statements": 32, "percent_covered": 87.5, "percent_covered_display": "88", "missing_lines": 4, "excluded_lines": 0, "percent_statements_covered": 87.5, "percent_statements_covered_display": "88"}, "missing_lines": [855, 875, 876, 878], "excluded_lines": [], "start_line": 836}, "_heuristic": {"executed_lines": [891, 892, 894, 895, 896, 897, 899, 900, 901, 903], "summary": {"covered_lines": 10, "num_statements": 13, "percent_covered": 76.92307692307692, "percent_covered_display": "77", "missing_lines": 3, "excluded_lines": 0, "percent_statements_covered": 76.92307692307692, "percent_statements_covered_display": "77"}, "missing_lines": [893, 898, 902], "excluded_lines": [], "start_line": 889}, "_strong_candidates": {"executed_lines": [], "summary": {"covered_lines": 0, "num_statements": 6, "percent_covered": 0.0, "percent_covered_display": "0", "missing_lines": 6, "excluded_lines": 0, "percent_statements_covered": 0.0, "percent_statements_covered_display": "0"}, "missing_lines": [913, 914, 915, 922, 923, 924], "excluded_lines": [], "start_line": 909}, "_borrower_branch": {"executed_lines": [], "summary": {"covered_lines": 0, "num_statements": 8, "percent_covered": 0.0, "percent_covered_display": "0", "missing_lines": 8, "excluded_lines": 0, "percent_statements_covered": 0.0, "percent_statements_covered_display": "0"}, "missing_lines": [931, 932, 933, 934, 935, 936, 937, 938], "excluded_lines": [], "start_line": 927}, "_guarantor_weakness": {"executed_lines": [], "summary": {"covered_lines": 0, "num_statements": 8, "percent_covered": 0.0, "percent_covered_display": "0", "missing_lines": 8, "excluded_lines": 0, "percent_statements_covered": 0.0, "percent_statements_covered_display": "0"}, "missing_lines": [943, 944, 945, 946, 947, 948, 949, 950], "excluded_lines": [], "start_line": 941}, "suggest_guarantors": {"executed_lines": [], "summary": {"covered_lines": 0, "num_statements": 35, "percent_covered": 0.0, "percent_covered_display": "0", "missing_lines": 35, "excluded_lines": 0, "percent_statements_covered": 0.0, "percent_statements_covered_display": "0"}, "missing_lines": [957, 958, 959, 960, 961, 965, 966, 968, 969, 970, 971, 972, 973, 974, 975, 976, 977, 978, 979, 980, 981, 982, 983, 991, 992, 994, 996, 997, 998, 999, 1000, 1001, 1002, 1003, 1005], "excluded_lines": [], "start_line": 953}, "assess": {"executed_lines": [1015, 1016, 1017, 1020], "summary": {"covered_lines": 4, "num_statements": 4, "percent_covered": 100.0, "percent_covered_display": "100", "missing_lines": 0, "excluded_lines": 0, "percent_statements_covered": 100.0, "percent_statements_covered_display": "100"}, "missing_lines": [], "excluded_lines": [], "start_line": 1009}, "_assess_core": {"executed_lines": [1024, 1025, 1026, 1028, 1029, 1032, 1033, 1034, 1035, 1045, 1046, 1047, 1048, 1049, 1050, 1051, 1052, 1053, 1054, 1055, 1056, 1057, 1058, 1059, 1060, 1063, 1064, 1065, 1073, 1074, 1078, 1079, 1080, 1081, 1083], "summary": {"covered_lines": 35, "num_statements": 43, "percent_covered": 81.3953488372093, "percent_covered_display": "81", "missing_lines": 8, "excluded_lines": 0, "percent_statements_covered": 81.3953488372093, "percent_statements_covered_display": "81"}, "missing_lines": [1036, 1037, 1038, 1039, 1040, 1041, 1042, 1066], "excluded_lines": [], "start_line": 1023}, "": {"executed_lines": [12, 13, 14, 15, 16, 17, 19, 21, 22, 23, 24, 26, 27, 32, 33, 36, 41, 82, 89, 90, 93, 119, 125, 126, 129, 164, 176, 184, 186, 189, 194, 203, 217, 249, 252, 258, 277, 285, 289, 297, 314, 315, 318, 329, 334, 356, 378, 406, 418, 425, 532, 543, 577, 644, 717, 811, 836, 889, 906, 909, 927, 941, 953, 1009, 1023], "summary": {"covered_lines": 65, "num_statements": 65, "percent_covered": 100.0, "percent_covered_display": "100", "missing_lines": 0, "excluded_lines": 0, "percent_statements_covered": 100.0, "percent_statements_covered_display": "100"}, "missing_lines": [], "excluded_lines": [], "start_line": 1}}, "classes": {"": {"executed_lines": [12, 13, 14, 15, 16, 17, 19, 21, 22, 23, 24, 26, 27, 32, 33, 36, 41, 42, 43, 48, 49, 50, 51, 52, 53, 55, 56, 59, 60, 64, 65, 66, 68, 69, 73, 75, 76, 78, 82, 89, 90, 93, 94, 95, 96, 97, 98, 100, 101, 104, 105, 106, 107, 108, 109, 110, 111, 112, 113, 116, 119, 125, 126, 129, 130, 131, 132, 133, 134, 135, 136, 137, 138, 139, 140, 141, 144, 145, 146, 148, 149, 150, 151, 152, 153, 155, 156, 157, 158, 159, 160, 161, 164, 167, 168, 169, 170, 171, 172, 173, 176, 184, 186, 189, 191, 194, 203, 217, 219, 220, 222, 223, 224, 225, 228, 229, 249, 252, 258, 259, 260, 277, 278, 279, 280, 282, 285, 289, 290, 291, 292, 293, 294, 297, 302, 303, 304, 305, 306, 308, 309, 311, 314, 315, 318, 326, 329, 334, 345, 346, 347, 348, 349, 351, 352, 353, 356, 359, 360, 363, 364, 365, 373, 374, 375, 378, 406, 408, 409, 410, 415, 418, 420, 421, 425, 428, 430, 431, 432, 433, 434, 436, 437, 438, 439, 440, 441, 442, 443, 444, 445, 446, 447, 448, 449, 450, 451, 452, 453, 454, 455, 456, 457, 458, 459, 461, 464, 472, 483, 485, 486, 487, 488, 489, 496, 497, 498, 499, 500, 501, 503, 504, 505, 506, 507, 508, 509, 510, 511, 512, 517, 519, 524, 526, 527, 528, 532, 534, 535, 536, 537, 538, 539, 540, 543, 577, 580, 583, 584, 585, 586, 587, 590, 591, 594, 596, 637, 638, 641, 644, 650, 651, 652, 653, 655, 657, 659, 660, 661, 662, 663, 664, 667, 668, 670, 671, 672, 673, 674, 675, 685, 686, 687, 688, 689, 691, 692, 693, 694, 695, 696, 697, 698, 699, 703, 704, 705, 706, 707, 708, 712, 717, 718, 720, 721, 722, 723, 728, 730, 731, 732, 737, 738, 746, 747, 748, 749, 750, 751, 761, 762, 763, 764, 769, 778, 779, 780, 784, 785, 790, 795, 796, 801, 806, 807, 808, 811, 813, 814, 815, 816, 817, 818, 819, 820, 822, 823, 824, 825, 826, 827, 829, 830, 831, 832, 833, 836, 840, 847, 848, 849, 850, 851, 853, 854, 856, 857, 858, 861, 862, 863, 864, 865, 866, 867, 869, 870, 871, 872, 873, 874, 877, 879, 881, 886, 889, 891, 892, 894, 895, 896, 897, 899, 900, 901, 903, 906, 909, 927, 941, 953, 1009, 1015, 1016, 1017, 1020, 1023, 1024, 1025, 1026, 1028, 1029, 1032, 1033, 1034, 1035, 1045, 1046, 1047, 1048, 1049, 1050, 1051, 1052, 1053, 1054, 1055, 1056, 1057, 1058, 1059, 1060, 1063, 1064, 1065, 1073, 1074, 1078, 1079, 1080, 1081, 1083], "summary": {"covered_lines": 442, "num_statements": 647, "percent_covered": 68.31530139103555, "percent_covered_display": "68", "missing_lines": 205, "excluded_lines": 0, "percent_statements_covered": 68.31530139103555, "percent_statements_covered_display": "68"}, "missing_lines": [38, 44, 45, 54, 57, 58, 61, 62, 99, 102, 103, 114, 115, 142, 143, 147, 154, 196, 197, 198, 199, 200, 208, 210, 211, 212, 213, 214, 226, 227, 261, 262, 263, 264, 265, 266, 267, 268, 269, 270, 271, 272, 273, 274, 281, 286, 330, 331, 350, 361, 362, 366, 367, 368, 369, 370, 371, 372, 382, 383, 384, 385, 386, 387, 388, 389, 390, 392, 393, 394, 395, 396, 397, 398, 399, 400, 401, 403, 411, 412, 413, 414, 422, 460, 462, 463, 465, 466, 467, 468, 469, 470, 471, 473, 474, 475, 476, 477, 478, 479, 480, 481, 482, 484, 490, 491, 492, 493, 502, 513, 514, 515, 516, 518, 520, 525, 529, 639, 640, 666, 677, 709, 710, 711, 713, 714, 739, 740, 756, 757, 770, 821, 828, 855, 875, 876, 878, 893, 898, 902, 913, 914, 915, 922, 923, 924, 931, 932, 933, 934, 935, 936, 937, 938, 943, 944, 945, 946, 947, 948, 949, 950, 957, 958, 959, 960, 961, 965, 966, 968, 969, 970, 971, 972, 973, 974, 975, 976, 977, 978, 979, 980, 981, 982, 983, 991, 992, 994, 996, 997, 998, 999, 1000, 1001, 1002, 1003, 1005, 1036, 1037, 1038, 1039, 1040, 1041, 1042, 1066], "excluded_lines": [], "start_line": 1}}}, "app/security.py": {"executed_lines": [6, 7, 8, 9, 10, 11, 13, 15, 16, 17, 18, 21, 22, 25, 31, 33, 34, 35, 38, 53, 54, 55, 60, 63, 64, 71, 75], "summary": {"covered_lines": 27, "num_statements": 38, "percent_covered": 71.05263157894737, "percent_covered_display": "71", "missing_lines": 11, "excluded_lines": 0, "percent_statements_covered": 71.05263157894737, "percent_statements_covered_display": "71"}, "missing_lines": [26, 39, 40, 41, 42, 43, 46, 47, 48, 72, 76], "excluded_lines": [], "functions": {"_b64encode": {"executed_lines": [22], "summary": {"covered_lines": 1, "num_statements": 1, "percent_covered": 100.0, "percent_covered_display": "100", "missing_lines": 0, "excluded_lines": 0, "percent_statements_covered": 100.0, "percent_statements_covered_display": "100"}, "missing_lines": [], "excluded_lines": [], "start_line": 21}, "_b64decode": {"executed_lines": [], "summary": {"covered_lines": 0, "num_statements": 1, "percent_covered": 0.0, "percent_covered_display": "0", "missing_lines": 1, "excluded_lines": 0, "percent_statements_covered": 0.0, "percent_statements_covered_display": "0"}, "missing_lines": [26], "excluded_lines": [], "start_line": 25}, "hash_password": {"executed_lines": [33, 34, 35], "summary": {"covered_lines": 3, "num_statements": 3, "percent_covered": 100.0, "percent_covered_display": "100", "missing_lines": 0, "excluded_lines": 0, "percent_statements_covered": 100.0, "percent_statements_covered_display": "100"}, "missing_lines": [], "excluded_lines": [], "start_line": 31}, "verify_password": {"executed_lines": [], "summary": {"covered_lines": 0, "num_statements": 8, "percent_covered": 0.0, "percent_covered_display": "0", "missing_lines": 8, "excluded_lines": 0, "percent_statements_covered": 0.0, "percent_statements_covered_display": "0"}, "missing_lines": [39, 40, 41, 42, 43, 46, 47, 48], "excluded_lines": [], "start_line": 38}, "create_access_token": {"executed_lines": [54, 55, 60], "summary": {"covered_lines": 3, "num_statements": 3, "percent_covered": 100.0, "percent_covered_display": "100", "missing_lines": 0, "excluded_lines": 0, "percent_statements_covered": 100.0, "percent_statements_covered_display": "100"}, "missing_lines": [], "excluded_lines": [], "start_line": 53}, "decode_access_token": {"executed_lines": [64], "summary": {"covered_lines": 1, "num_statements": 1, "percent_covered": 100.0, "percent_covered_display": "100", "missing_lines": 0, "excluded_lines": 0, "percent_statements_covered": 100.0, "percent_statements_covered_display": "100"}, "missing_lines": [], "excluded_lines": [], "start_line": 63}, "generate_reset_token": {"executed_lines": [], "summary": {"covered_lines": 0, "num_statements": 1, "percent_covered": 0.0, "percent_covered_display": "0", "missing_lines": 1, "excluded_lines": 0, "percent_statements_covered": 0.0, "percent_statements_covered_display": "0"}, "missing_lines": [72], "excluded_lines": [], "start_line": 71}, "hash_reset_token": {"executed_lines": [], "summary": {"covered_lines": 0, "num_statements": 1, "percent_covered": 0.0, "percent_covered_display": "0", "missing_lines": 1, "excluded_lines": 0, "percent_statements_covered": 0.0, "percent_statements_covered_display": "0"}, "missing_lines": [76], "excluded_lines": [], "start_line": 75}, "": {"executed_lines": [6, 7, 8, 9, 10, 11, 13, 15, 16, 17, 18, 21, 25, 31, 38, 53, 63, 71, 75], "summary": {"covered_lines": 19, "num_statements": 19, "percent_covered": 100.0, "percent_covered_display": "100", "missing_lines": 0, "excluded_lines": 0, "percent_statements_covered": 100.0, "percent_statements_covered_display": "100"}, "missing_lines": [], "excluded_lines": [], "start_line": 1}}, "classes": {"": {"executed_lines": [6, 7, 8, 9, 10, 11, 13, 15, 16, 17, 18, 21, 22, 25, 31, 33, 34, 35, 38, 53, 54, 55, 60, 63, 64, 71, 75], "summary": {"covered_lines": 27, "num_statements": 38, "percent_covered": 71.05263157894737, "percent_covered_display": "71", "missing_lines": 11, "excluded_lines": 0, "percent_statements_covered": 71.05263157894737, "percent_statements_covered_display": "71"}, "missing_lines": [26, 39, 40, 41, 42, 43, 46, 47, 48, 72, 76], "excluded_lines": [], "start_line": 1}}}}, "totals": {"covered_lines": 1226, "num_statements": 1957, "percent_covered": 62.6469085334696, "percent_covered_display": "63", "missing_lines": 731, "excluded_lines": 0, "percent_statements_covered": 62.6469085334696, "percent_statements_covered_display": "63"}}